<?xml version="1.0" encoding="UTF-8"?>
<coverage generated="1762460671">
  <project timestamp="1762460671" name="Clover Coverage">
    <package name="ArtisanPack\LivewireUiComponents\Console\Commands">
      <file name="/Users/jacobmartella/Desktop/ArtisanPack UI Packages/livewire-ui-components/src/Console/Commands/GenerateThemeCss.php">
        <class name="ArtisanPack\LivewireUiComponents\Console\Commands\GenerateThemeCss" namespace="ArtisanPack\LivewireUiComponents\Console\Commands">
          <metrics complexity="4" methods="1" coveredmethods="0" conditionals="0" coveredconditionals="0" statements="21" coveredstatements="0" elements="22" coveredelements="0"/>
        </class>
        <line num="52" type="method" name="handle" visibility="public" complexity="4" crap="20" count="0"/>
        <line num="54" type="stmt" count="0"/>
        <line num="55" type="stmt" count="0"/>
        <line num="56" type="stmt" count="0"/>
        <line num="58" type="stmt" count="0"/>
        <line num="61" type="stmt" count="0"/>
        <line num="64" type="stmt" count="0"/>
        <line num="66" type="stmt" count="0"/>
        <line num="67" type="stmt" count="0"/>
        <line num="68" type="stmt" count="0"/>
        <line num="71" type="stmt" count="0"/>
        <line num="74" type="stmt" count="0"/>
        <line num="75" type="stmt" count="0"/>
        <line num="78" type="stmt" count="0"/>
        <line num="80" type="stmt" count="0"/>
        <line num="81" type="stmt" count="0"/>
        <line num="82" type="stmt" count="0"/>
        <line num="84" type="stmt" count="0"/>
        <line num="85" type="stmt" count="0"/>
        <line num="86" type="stmt" count="0"/>
        <line num="87" type="stmt" count="0"/>
        <line num="90" type="stmt" count="0"/>
        <metrics loc="93" ncloc="58" classes="1" methods="1" coveredmethods="0" conditionals="0" coveredconditionals="0" statements="21" coveredstatements="0" elements="22" coveredelements="0"/>
      </file>
      <file name="/Users/jacobmartella/Desktop/ArtisanPack UI Packages/livewire-ui-components/src/Console/Commands/LivewireUiComponentsBootcampCommand.php">
        <class name="ArtisanPack\LivewireUiComponents\Console\Commands\LivewireUiComponentsBootcampCommand" namespace="ArtisanPack\LivewireUiComponents\Console\Commands">
          <metrics complexity="4" methods="2" coveredmethods="0" conditionals="0" coveredconditionals="0" statements="26" coveredstatements="0" elements="28" coveredelements="0"/>
        </class>
        <line num="63" type="method" name="handle" visibility="public" complexity="2" crap="6" count="0"/>
        <line num="65" type="stmt" count="0"/>
        <line num="67" type="stmt" count="0"/>
        <line num="70" type="stmt" count="0"/>
        <line num="71" type="stmt" count="0"/>
        <line num="73" type="stmt" count="0"/>
        <line num="77" type="stmt" count="0"/>
        <line num="79" type="stmt" count="0"/>
        <line num="80" type="stmt" count="0"/>
        <line num="81" type="stmt" count="0"/>
        <line num="84" type="stmt" count="0"/>
        <line num="85" type="stmt" count="0"/>
        <line num="87" type="stmt" count="0"/>
        <line num="88" type="stmt" count="0"/>
        <line num="89" type="stmt" count="0"/>
        <line num="90" type="stmt" count="0"/>
        <line num="91" type="stmt" count="0"/>
        <line num="92" type="stmt" count="0"/>
        <line num="93" type="stmt" count="0"/>
        <line num="94" type="stmt" count="0"/>
        <line num="97" type="stmt" count="0"/>
        <line num="100" type="stmt" count="0"/>
        <line num="102" type="stmt" count="0"/>
        <line num="114" type="method" name="copyFile" visibility="private" complexity="2" crap="6" count="0"/>
        <line num="116" type="stmt" count="0"/>
        <line num="117" type="stmt" count="0"/>
        <line num="119" type="stmt" count="0"/>
        <line num="120" type="stmt" count="0"/>
        <metrics loc="124" ncloc="66" classes="1" methods="2" coveredmethods="0" conditionals="0" coveredconditionals="0" statements="26" coveredstatements="0" elements="28" coveredelements="0"/>
      </file>
      <file name="/Users/jacobmartella/Desktop/ArtisanPack UI Packages/livewire-ui-components/src/Console/Commands/LivewireUiComponentsInstallCommand.php">
        <class name="ArtisanPack\LivewireUiComponents\Console\Commands\LivewireUiComponentsInstallCommand" namespace="ArtisanPack\LivewireUiComponents\Console\Commands">
          <metrics complexity="25" methods="10" coveredmethods="0" conditionals="0" coveredconditionals="0" statements="108" coveredstatements="0" elements="118" coveredelements="0"/>
        </class>
        <line num="69" type="method" name="handle" visibility="public" complexity="1" crap="2" count="0"/>
        <line num="71" type="stmt" count="0"/>
        <line num="74" type="stmt" count="0"/>
        <line num="77" type="stmt" count="0"/>
        <line num="80" type="stmt" count="0"/>
        <line num="83" type="stmt" count="0"/>
        <line num="86" type="stmt" count="0"/>
        <line num="89" type="stmt" count="0"/>
        <line num="92" type="stmt" count="0"/>
        <line num="95" type="stmt" count="0"/>
        <line num="97" type="stmt" count="0"/>
        <line num="98" type="stmt" count="0"/>
        <line num="99" type="stmt" count="0"/>
        <line num="100" type="stmt" count="0"/>
        <line num="110" type="method" name="installLivewire" visibility="public" complexity="2" crap="6" count="0"/>
        <line num="112" type="stmt" count="0"/>
        <line num="114" type="stmt" count="0"/>
        <line num="115" type="stmt" count="0"/>
        <line num="116" type="stmt" count="0"/>
        <line num="118" type="stmt" count="0"/>
        <line num="119" type="stmt" count="0"/>
        <line num="120" type="stmt" count="0"/>
        <line num="132" type="method" name="setupTailwindDaisy" visibility="public" complexity="1" crap="2" count="0"/>
        <line num="137" type="stmt" count="0"/>
        <line num="139" type="stmt" count="0"/>
        <line num="140" type="stmt" count="0"/>
        <line num="141" type="stmt" count="0"/>
        <line num="146" type="stmt" count="0"/>
        <line num="147" type="stmt" count="0"/>
        <line num="149" type="stmt" count="0"/>
        <line num="180" type="stmt" count="0"/>
        <line num="182" type="stmt" count="0"/>
        <line num="184" type="stmt" count="0"/>
        <line num="196" type="method" name="renameComponents" visibility="public" complexity="2" crap="6" count="0"/>
        <line num="198" type="stmt" count="0"/>
        <line num="200" type="stmt" count="0"/>
        <line num="201" type="stmt" count="0"/>
        <line num="202" type="stmt" count="0"/>
        <line num="204" type="stmt" count="0"/>
        <line num="205" type="stmt" count="0"/>
        <line num="206" type="stmt" count="0"/>
        <line num="207" type="stmt" count="0"/>
        <line num="209" type="stmt" count="0"/>
        <line num="210" type="stmt" count="0"/>
        <line num="211" type="stmt" count="0"/>
        <line num="212" type="stmt" count="0"/>
        <line num="213" type="stmt" count="0"/>
        <line num="214" type="stmt" count="0"/>
        <line num="215" type="stmt" count="0"/>
        <line num="217" type="stmt" count="0"/>
        <line num="230" type="method" name="copyStubs" visibility="public" complexity="5" crap="30" count="0"/>
        <line num="232" type="stmt" count="0"/>
        <line num="233" type="stmt" count="0"/>
        <line num="235" type="stmt" count="0"/>
        <line num="236" type="stmt" count="0"/>
        <line num="237" type="stmt" count="0"/>
        <line num="238" type="stmt" count="0"/>
        <line num="240" type="stmt" count="0"/>
        <line num="243" type="stmt" count="0"/>
        <line num="245" type="stmt" count="0"/>
        <line num="246" type="stmt" count="0"/>
        <line num="247" type="stmt" count="0"/>
        <line num="248" type="stmt" count="0"/>
        <line num="249" type="stmt" count="0"/>
        <line num="252" type="stmt" count="0"/>
        <line num="253" type="stmt" count="0"/>
        <line num="256" type="stmt" count="0"/>
        <line num="257" type="stmt" count="0"/>
        <line num="260" type="stmt" count="0"/>
        <line num="263" type="stmt" count="0"/>
        <line num="264" type="stmt" count="0"/>
        <line num="265" type="stmt" count="0"/>
        <line num="266" type="stmt" count="0"/>
        <line num="268" type="stmt" count="0"/>
        <line num="269" type="stmt" count="0"/>
        <line num="270" type="stmt" count="0"/>
        <line num="271" type="stmt" count="0"/>
        <line num="284" type="method" name="askForPackageInstaller" visibility="public" complexity="7" crap="56" count="0"/>
        <line num="286" type="stmt" count="0"/>
        <line num="287" type="stmt" count="0"/>
        <line num="289" type="stmt" count="0"/>
        <line num="290" type="stmt" count="0"/>
        <line num="291" type="stmt" count="0"/>
        <line num="292" type="stmt" count="0"/>
        <line num="294" type="stmt" count="0"/>
        <line num="296" type="stmt" count="0"/>
        <line num="297" type="stmt" count="0"/>
        <line num="300" type="stmt" count="0"/>
        <line num="301" type="stmt" count="0"/>
        <line num="304" type="stmt" count="0"/>
        <line num="305" type="stmt" count="0"/>
        <line num="308" type="stmt" count="0"/>
        <line num="309" type="stmt" count="0"/>
        <line num="312" type="stmt" count="0"/>
        <line num="313" type="stmt" count="0"/>
        <line num="315" type="stmt" count="0"/>
        <line num="318" type="stmt" count="0"/>
        <line num="319" type="stmt" count="0"/>
        <line num="320" type="stmt" count="0"/>
        <line num="321" type="stmt" count="0"/>
        <line num="332" type="method" name="askForVolt" visibility="public" complexity="1" crap="2" count="0"/>
        <line num="334" type="stmt" count="0"/>
        <line num="335" type="stmt" count="0"/>
        <line num="336" type="stmt" count="0"/>
        <line num="337" type="stmt" count="0"/>
        <line num="338" type="stmt" count="0"/>
        <line num="349" type="method" name="checkForLaravelVersion" visibility="public" complexity="2" crap="6" count="0"/>
        <line num="351" type="stmt" count="0"/>
        <line num="352" type="stmt" count="0"/>
        <line num="354" type="stmt" count="0"/>
        <line num="365" type="method" name="createDirectoryIfNotExists" visibility="private" complexity="2" crap="6" count="0"/>
        <line num="367" type="stmt" count="0"/>
        <line num="368" type="stmt" count="0"/>
        <line num="381" type="method" name="copyFile" visibility="private" complexity="2" crap="6" count="0"/>
        <line num="383" type="stmt" count="0"/>
        <line num="384" type="stmt" count="0"/>
        <line num="386" type="stmt" count="0"/>
        <line num="387" type="stmt" count="0"/>
        <metrics loc="391" ncloc="249" classes="1" methods="10" coveredmethods="0" conditionals="0" coveredconditionals="0" statements="108" coveredstatements="0" elements="118" coveredelements="0"/>
      </file>
    </package>
    <package name="ArtisanPack\LivewireUiComponents\Exceptions">
      <file name="/Users/jacobmartella/Desktop/ArtisanPack UI Packages/livewire-ui-components/src/Exceptions/ToastException.php">
        <class name="ArtisanPack\LivewireUiComponents\Exceptions\ToastException" namespace="ArtisanPack\LivewireUiComponents\Exceptions">
          <metrics complexity="8" methods="7" coveredmethods="0" conditionals="0" coveredconditionals="0" statements="61" coveredstatements="0" elements="68" coveredelements="0"/>
        </class>
        <line num="102" type="method" name="typedMessage" visibility="public" complexity="1" crap="2" count="0"/>
        <line num="111" type="stmt" count="0"/>
        <line num="113" type="stmt" count="0"/>
        <line num="114" type="stmt" count="0"/>
        <line num="115" type="stmt" count="0"/>
        <line num="116" type="stmt" count="0"/>
        <line num="117" type="stmt" count="0"/>
        <line num="118" type="stmt" count="0"/>
        <line num="119" type="stmt" count="0"/>
        <line num="121" type="stmt" count="0"/>
        <line num="136" type="method" name="info" visibility="public" complexity="1" crap="2" count="0"/>
        <line num="144" type="stmt" count="0"/>
        <line num="145" type="stmt" count="0"/>
        <line num="146" type="stmt" count="0"/>
        <line num="147" type="stmt" count="0"/>
        <line num="148" type="stmt" count="0"/>
        <line num="149" type="stmt" count="0"/>
        <line num="150" type="stmt" count="0"/>
        <line num="151" type="stmt" count="0"/>
        <line num="152" type="stmt" count="0"/>
        <line num="167" type="method" name="success" visibility="public" complexity="1" crap="2" count="0"/>
        <line num="175" type="stmt" count="0"/>
        <line num="176" type="stmt" count="0"/>
        <line num="177" type="stmt" count="0"/>
        <line num="178" type="stmt" count="0"/>
        <line num="179" type="stmt" count="0"/>
        <line num="180" type="stmt" count="0"/>
        <line num="181" type="stmt" count="0"/>
        <line num="182" type="stmt" count="0"/>
        <line num="183" type="stmt" count="0"/>
        <line num="198" type="method" name="error" visibility="public" complexity="1" crap="2" count="0"/>
        <line num="206" type="stmt" count="0"/>
        <line num="207" type="stmt" count="0"/>
        <line num="208" type="stmt" count="0"/>
        <line num="209" type="stmt" count="0"/>
        <line num="210" type="stmt" count="0"/>
        <line num="211" type="stmt" count="0"/>
        <line num="212" type="stmt" count="0"/>
        <line num="213" type="stmt" count="0"/>
        <line num="214" type="stmt" count="0"/>
        <line num="229" type="method" name="warning" visibility="public" complexity="1" crap="2" count="0"/>
        <line num="237" type="stmt" count="0"/>
        <line num="238" type="stmt" count="0"/>
        <line num="239" type="stmt" count="0"/>
        <line num="240" type="stmt" count="0"/>
        <line num="241" type="stmt" count="0"/>
        <line num="242" type="stmt" count="0"/>
        <line num="243" type="stmt" count="0"/>
        <line num="244" type="stmt" count="0"/>
        <line num="245" type="stmt" count="0"/>
        <line num="254" type="method" name="permitDefault" visibility="public" complexity="1" crap="2" count="0"/>
        <line num="256" type="stmt" count="0"/>
        <line num="258" type="stmt" count="0"/>
        <line num="268" type="method" name="render" visibility="public" complexity="2" crap="6" count="0"/>
        <line num="270" type="stmt" count="0"/>
        <line num="271" type="stmt" count="0"/>
        <line num="272" type="stmt" count="0"/>
        <line num="273" type="stmt" count="0"/>
        <line num="274" type="stmt" count="0"/>
        <line num="275" type="stmt" count="0"/>
        <line num="277" type="stmt" count="0"/>
        <line num="278" type="stmt" count="0"/>
        <line num="279" type="stmt" count="0"/>
        <line num="280" type="stmt" count="0"/>
        <line num="281" type="stmt" count="0"/>
        <line num="282" type="stmt" count="0"/>
        <line num="283" type="stmt" count="0"/>
        <line num="286" type="stmt" count="0"/>
        <metrics loc="289" ncloc="155" classes="1" methods="7" coveredmethods="0" conditionals="0" coveredconditionals="0" statements="61" coveredstatements="0" elements="68" coveredelements="0"/>
      </file>
    </package>
    <package name="ArtisanPack\LivewireUiComponents\Facades">
      <file name="/Users/jacobmartella/Desktop/ArtisanPack UI Packages/livewire-ui-components/src/Facades/LivewireUiComponents.php">
        <class name="ArtisanPack\LivewireUiComponents\Facades\LivewireUiComponents" namespace="ArtisanPack\LivewireUiComponents\Facades">
          <metrics complexity="1" methods="1" coveredmethods="0" conditionals="0" coveredconditionals="0" statements="1" coveredstatements="0" elements="2" coveredelements="0"/>
        </class>
        <line num="36" type="method" name="getFacadeAccessor" visibility="protected" complexity="1" crap="2" count="0"/>
        <line num="38" type="stmt" count="0"/>
        <metrics loc="41" ncloc="15" classes="1" methods="1" coveredmethods="0" conditionals="0" coveredconditionals="0" statements="1" coveredstatements="0" elements="2" coveredelements="0"/>
      </file>
    </package>
    <package name="ArtisanPack\LivewireUiComponents">
      <file name="/Users/jacobmartella/Desktop/ArtisanPack UI Packages/livewire-ui-components/src/LivewireUiComponents.php">
        <class name="ArtisanPack\LivewireUiComponents\LivewireUiComponents" namespace="ArtisanPack\LivewireUiComponents">
          <metrics complexity="1" methods="1" coveredmethods="0" conditionals="0" coveredconditionals="0" statements="1" coveredstatements="0" elements="2" coveredelements="0"/>
        </class>
        <line num="33" type="method" name="hello" visibility="public" complexity="1" crap="2" count="0"/>
        <line num="35" type="stmt" count="0"/>
        <metrics loc="38" ncloc="12" classes="1" methods="1" coveredmethods="0" conditionals="0" coveredconditionals="0" statements="1" coveredstatements="0" elements="2" coveredelements="0"/>
      </file>
      <file name="/Users/jacobmartella/Desktop/ArtisanPack UI Packages/livewire-ui-components/src/LivewireUiComponentsServiceProvider.php">
        <class name="ArtisanPack\LivewireUiComponents\LivewireUiComponentsServiceProvider" namespace="ArtisanPack\LivewireUiComponents">
          <metrics complexity="10" methods="8" coveredmethods="5" conditionals="0" coveredconditionals="0" statements="135" coveredstatements="122" elements="143" coveredelements="127"/>
        </class>
        <line num="125" type="method" name="boot" visibility="public" complexity="3" crap="3" count="630"/>
        <line num="127" type="stmt" count="630"/>
        <line num="129" type="stmt" count="630"/>
        <line num="131" type="stmt" count="630"/>
        <line num="132" type="stmt" count="630"/>
        <line num="133" type="stmt" count="630"/>
        <line num="136" type="stmt" count="630"/>
        <line num="137" type="stmt" count="630"/>
        <line num="138" type="stmt" count="630"/>
        <line num="140" type="stmt" count="630"/>
        <line num="142" type="stmt" count="630"/>
        <line num="143" type="stmt" count="630"/>
        <line num="144" type="stmt" count="630"/>
        <line num="145" type="stmt" count="630"/>
        <line num="148" type="stmt" count="630"/>
        <line num="149" type="stmt" count="630"/>
        <line num="162" type="method" name="registerComponents" visibility="public" complexity="1" crap="1" count="630"/>
        <line num="165" type="stmt" count="630"/>
        <line num="167" type="stmt" count="630"/>
        <line num="172" type="stmt" count="630"/>
        <line num="173" type="stmt" count="630"/>
        <line num="174" type="stmt" count="630"/>
        <line num="175" type="stmt" count="630"/>
        <line num="176" type="stmt" count="630"/>
        <line num="177" type="stmt" count="630"/>
        <line num="178" type="stmt" count="630"/>
        <line num="179" type="stmt" count="630"/>
        <line num="180" type="stmt" count="630"/>
        <line num="181" type="stmt" count="630"/>
        <line num="184" type="stmt" count="630"/>
        <line num="185" type="stmt" count="630"/>
        <line num="186" type="stmt" count="630"/>
        <line num="187" type="stmt" count="630"/>
        <line num="188" type="stmt" count="630"/>
        <line num="189" type="stmt" count="630"/>
        <line num="190" type="stmt" count="630"/>
        <line num="191" type="stmt" count="630"/>
        <line num="192" type="stmt" count="630"/>
        <line num="193" type="stmt" count="630"/>
        <line num="194" type="stmt" count="630"/>
        <line num="195" type="stmt" count="630"/>
        <line num="196" type="stmt" count="630"/>
        <line num="197" type="stmt" count="630"/>
        <line num="198" type="stmt" count="630"/>
        <line num="199" type="stmt" count="630"/>
        <line num="200" type="stmt" count="630"/>
        <line num="201" type="stmt" count="630"/>
        <line num="202" type="stmt" count="630"/>
        <line num="203" type="stmt" count="630"/>
        <line num="204" type="stmt" count="630"/>
        <line num="205" type="stmt" count="630"/>
        <line num="206" type="stmt" count="630"/>
        <line num="207" type="stmt" count="630"/>
        <line num="208" type="stmt" count="630"/>
        <line num="209" type="stmt" count="630"/>
        <line num="210" type="stmt" count="630"/>
        <line num="211" type="stmt" count="630"/>
        <line num="212" type="stmt" count="630"/>
        <line num="213" type="stmt" count="630"/>
        <line num="214" type="stmt" count="630"/>
        <line num="215" type="stmt" count="630"/>
        <line num="216" type="stmt" count="630"/>
        <line num="217" type="stmt" count="630"/>
        <line num="218" type="stmt" count="630"/>
        <line num="219" type="stmt" count="630"/>
        <line num="220" type="stmt" count="630"/>
        <line num="221" type="stmt" count="630"/>
        <line num="222" type="stmt" count="630"/>
        <line num="223" type="stmt" count="630"/>
        <line num="224" type="stmt" count="630"/>
        <line num="225" type="stmt" count="630"/>
        <line num="226" type="stmt" count="630"/>
        <line num="227" type="stmt" count="630"/>
        <line num="228" type="stmt" count="630"/>
        <line num="229" type="stmt" count="630"/>
        <line num="230" type="stmt" count="630"/>
        <line num="231" type="stmt" count="630"/>
        <line num="232" type="stmt" count="630"/>
        <line num="233" type="stmt" count="630"/>
        <line num="234" type="stmt" count="630"/>
        <line num="235" type="stmt" count="630"/>
        <line num="236" type="stmt" count="630"/>
        <line num="237" type="stmt" count="630"/>
        <line num="238" type="stmt" count="630"/>
        <line num="239" type="stmt" count="630"/>
        <line num="240" type="stmt" count="630"/>
        <line num="241" type="stmt" count="630"/>
        <line num="242" type="stmt" count="630"/>
        <line num="243" type="stmt" count="630"/>
        <line num="244" type="stmt" count="630"/>
        <line num="245" type="stmt" count="630"/>
        <line num="246" type="stmt" count="630"/>
        <line num="247" type="stmt" count="630"/>
        <line num="248" type="stmt" count="630"/>
        <line num="249" type="stmt" count="630"/>
        <line num="250" type="stmt" count="630"/>
        <line num="251" type="stmt" count="630"/>
        <line num="252" type="stmt" count="630"/>
        <line num="253" type="stmt" count="630"/>
        <line num="254" type="stmt" count="630"/>
        <line num="255" type="stmt" count="630"/>
        <line num="256" type="stmt" count="630"/>
        <line num="257" type="stmt" count="630"/>
        <line num="258" type="stmt" count="630"/>
        <line num="259" type="stmt" count="630"/>
        <line num="260" type="stmt" count="630"/>
        <line num="263" type="stmt" count="630"/>
        <line num="264" type="stmt" count="630"/>
        <line num="273" type="method" name="registerBladeDirectives" visibility="public" complexity="1" crap="1" count="630"/>
        <line num="275" type="stmt" count="630"/>
        <line num="284" type="method" name="registerScopeDirective" visibility="public" complexity="1" crap="1.39" count="630"/>
        <line num="292" type="stmt" count="630"/>
        <line num="294" type="stmt" count="0"/>
        <line num="295" type="stmt" count="0"/>
        <line num="297" type="stmt" count="0"/>
        <line num="300" type="stmt" count="0"/>
        <line num="301" type="stmt" count="0"/>
        <line num="302" type="stmt" count="0"/>
        <line num="303" type="stmt" count="0"/>
        <line num="304" type="stmt" count="0"/>
        <line num="312" type="stmt" count="0"/>
        <line num="314" type="stmt" count="0"/>
        <line num="315" type="stmt" count="630"/>
        <line num="317" type="stmt" count="630"/>
        <line num="318" type="stmt" count="0"/>
        <line num="319" type="stmt" count="630"/>
        <line num="331" type="method" name="register" visibility="public" complexity="1" crap="1.02" count="630"/>
        <line num="333" type="stmt" count="630"/>
        <line num="336" type="stmt" count="630"/>
        <line num="337" type="stmt" count="0"/>
        <line num="338" type="stmt" count="630"/>
        <line num="347" type="method" name="provides" visibility="public" complexity="1" crap="2" count="0"/>
        <line num="349" type="stmt" count="0"/>
        <line num="361" type="method" name="bootForConsole" visibility="protected" complexity="1" crap="1" count="630"/>
        <line num="364" type="stmt" count="630"/>
        <line num="365" type="stmt" count="630"/>
        <line num="366" type="stmt" count="630"/>
        <line num="368" type="stmt" count="630"/>
        <line num="380" type="method" name="mergeConfiguration" visibility="protected" complexity="1" crap="1" count="630"/>
        <line num="383" type="stmt" count="630"/>
        <line num="386" type="stmt" count="630"/>
        <line num="389" type="stmt" count="630"/>
        <line num="392" type="stmt" count="630"/>
        <metrics loc="395" ncloc="283" classes="1" methods="8" coveredmethods="5" conditionals="0" coveredconditionals="0" statements="135" coveredstatements="122" elements="143" coveredelements="127"/>
      </file>
    </package>
    <package name="ArtisanPack\LivewireUiComponents\Styling">
      <file name="/Users/jacobmartella/Desktop/ArtisanPack UI Packages/livewire-ui-components/src/Styling/ColorGenerator.php">
        <class name="ArtisanPack\LivewireUiComponents\Styling\ColorGenerator" namespace="ArtisanPack\LivewireUiComponents\Styling">
          <metrics complexity="85" methods="22" coveredmethods="4" conditionals="0" coveredconditionals="0" statements="415" coveredstatements="151" elements="437" coveredelements="155"/>
        </class>
        <line num="222" type="method" name="getBaseColor" visibility="public" complexity="3" crap="12" count="0"/>
        <line num="224" type="stmt" count="0"/>
        <line num="225" type="stmt" count="0"/>
        <line num="228" type="stmt" count="0"/>
        <line num="229" type="stmt" count="0"/>
        <line num="230" type="stmt" count="0"/>
        <line num="233" type="stmt" count="0"/>
        <line num="246" type="method" name="generateTailwindShades" visibility="public" complexity="5" crap="30" count="0"/>
        <line num="248" type="stmt" count="0"/>
        <line num="250" type="stmt" count="0"/>
        <line num="252" type="stmt" count="0"/>
        <line num="253" type="stmt" count="0"/>
        <line num="254" type="stmt" count="0"/>
        <line num="255" type="stmt" count="0"/>
        <line num="257" type="stmt" count="0"/>
        <line num="261" type="stmt" count="0"/>
        <line num="262" type="stmt" count="0"/>
        <line num="263" type="stmt" count="0"/>
        <line num="267" type="stmt" count="0"/>
        <line num="280" type="method" name="generateThemeCss" visibility="public" complexity="9" crap="90" count="0"/>
        <line num="282" type="stmt" count="0"/>
        <line num="284" type="stmt" count="0"/>
        <line num="285" type="stmt" count="0"/>
        <line num="286" type="stmt" count="0"/>
        <line num="288" type="stmt" count="0"/>
        <line num="289" type="stmt" count="0"/>
        <line num="290" type="stmt" count="0"/>
        <line num="292" type="stmt" count="0"/>
        <line num="293" type="stmt" count="0"/>
        <line num="294" type="stmt" count="0"/>
        <line num="295" type="stmt" count="0"/>
        <line num="296" type="stmt" count="0"/>
        <line num="297" type="stmt" count="0"/>
        <line num="298" type="stmt" count="0"/>
        <line num="300" type="stmt" count="0"/>
        <line num="303" type="stmt" count="0"/>
        <line num="305" type="stmt" count="0"/>
        <line num="306" type="stmt" count="0"/>
        <line num="307" type="stmt" count="0"/>
        <line num="309" type="stmt" count="0"/>
        <line num="310" type="stmt" count="0"/>
        <line num="311" type="stmt" count="0"/>
        <line num="313" type="stmt" count="0"/>
        <line num="314" type="stmt" count="0"/>
        <line num="315" type="stmt" count="0"/>
        <line num="318" type="stmt" count="0"/>
        <line num="319" type="stmt" count="0"/>
        <line num="320" type="stmt" count="0"/>
        <line num="323" type="stmt" count="0"/>
        <line num="324" type="stmt" count="0"/>
        <line num="325" type="stmt" count="0"/>
        <line num="328" type="stmt" count="0"/>
        <line num="331" type="stmt" count="0"/>
        <line num="332" type="stmt" count="0"/>
        <line num="333" type="stmt" count="0"/>
        <line num="334" type="stmt" count="0"/>
        <line num="336" type="stmt" count="0"/>
        <line num="339" type="stmt" count="0"/>
        <line num="341" type="stmt" count="0"/>
        <line num="342" type="stmt" count="0"/>
        <line num="343" type="stmt" count="0"/>
        <line num="344" type="stmt" count="0"/>
        <line num="345" type="stmt" count="0"/>
        <line num="347" type="stmt" count="0"/>
        <line num="350" type="stmt" count="0"/>
        <line num="373" type="method" name="resolveComponentColor" visibility="public" complexity="7" crap="18.42" count="2"/>
        <line num="375" type="stmt" count="2"/>
        <line num="376" type="stmt" count="0"/>
        <line num="380" type="stmt" count="2"/>
        <line num="381" type="stmt" count="0"/>
        <line num="385" type="stmt" count="2"/>
        <line num="386" type="stmt" count="0"/>
        <line num="390" type="stmt" count="2"/>
        <line num="391" type="stmt" count="2"/>
        <line num="395" type="stmt" count="0"/>
        <line num="396" type="stmt" count="0"/>
        <line num="400" type="stmt" count="0"/>
        <line num="401" type="stmt" count="0"/>
        <line num="405" type="stmt" count="0"/>
        <line num="416" type="method" name="isVariant" visibility="protected" complexity="1" crap="1" count="2"/>
        <line num="418" type="stmt" count="2"/>
        <line num="419" type="stmt" count="2"/>
        <line num="430" type="method" name="isTailwindColorWithIntensity" visibility="protected" complexity="1" crap="1" count="2"/>
        <line num="432" type="stmt" count="2"/>
        <line num="433" type="stmt" count="2"/>
        <line num="444" type="method" name="isTailwindColorName" visibility="protected" complexity="1" crap="2" count="0"/>
        <line num="446" type="stmt" count="0"/>
        <line num="457" type="method" name="isHexColor" visibility="protected" complexity="1" crap="2" count="0"/>
        <line num="459" type="stmt" count="0"/>
        <line num="472" type="method" name="getVariantClasses" visibility="protected" complexity="3" crap="12" count="0"/>
        <line num="474" type="stmt" count="0"/>
        <line num="477" type="stmt" count="0"/>
        <line num="478" type="stmt" count="0"/>
        <line num="479" type="stmt" count="0"/>
        <line num="480" type="stmt" count="0"/>
        <line num="481" type="stmt" count="0"/>
        <line num="482" type="stmt" count="0"/>
        <line num="483" type="stmt" count="0"/>
        <line num="484" type="stmt" count="0"/>
        <line num="485" type="stmt" count="0"/>
        <line num="486" type="stmt" count="0"/>
        <line num="487" type="stmt" count="0"/>
        <line num="488" type="stmt" count="0"/>
        <line num="490" type="stmt" count="0"/>
        <line num="491" type="stmt" count="0"/>
        <line num="494" type="stmt" count="0"/>
        <line num="497" type="stmt" count="0"/>
        <line num="500" type="stmt" count="0"/>
        <line num="501" type="stmt" count="0"/>
        <line num="504" type="stmt" count="0"/>
        <line num="516" type="method" name="addVariantHoverFocusStates" visibility="protected" complexity="8" crap="72" count="0"/>
        <line num="519" type="stmt" count="0"/>
        <line num="520" type="stmt" count="0"/>
        <line num="521" type="stmt" count="0"/>
        <line num="522" type="stmt" count="0"/>
        <line num="523" type="stmt" count="0"/>
        <line num="524" type="stmt" count="0"/>
        <line num="525" type="stmt" count="0"/>
        <line num="526" type="stmt" count="0"/>
        <line num="527" type="stmt" count="0"/>
        <line num="528" type="stmt" count="0"/>
        <line num="531" type="stmt" count="0"/>
        <line num="532" type="stmt" count="0"/>
        <line num="535" type="stmt" count="0"/>
        <line num="536" type="stmt" count="0"/>
        <line num="539" type="stmt" count="0"/>
        <line num="542" type="stmt" count="0"/>
        <line num="543" type="stmt" count="0"/>
        <line num="545" type="stmt" count="0"/>
        <line num="546" type="stmt" count="0"/>
        <line num="548" type="stmt" count="0"/>
        <line num="549" type="stmt" count="0"/>
        <line num="551" type="stmt" count="0"/>
        <line num="552" type="stmt" count="0"/>
        <line num="553" type="stmt" count="0"/>
        <line num="554" type="stmt" count="0"/>
        <line num="555" type="stmt" count="0"/>
        <line num="558" type="stmt" count="0"/>
        <line num="559" type="stmt" count="0"/>
        <line num="560" type="stmt" count="0"/>
        <line num="561" type="stmt" count="0"/>
        <line num="562" type="stmt" count="0"/>
        <line num="575" type="method" name="getTailwindClasses" visibility="protected" complexity="5" crap="5.22" count="2"/>
        <line num="577" type="stmt" count="2"/>
        <line num="580" type="stmt" count="2"/>
        <line num="582" type="stmt" count="2"/>
        <line num="584" type="stmt" count="0"/>
        <line num="585" type="stmt" count="0"/>
        <line num="586" type="stmt" count="0"/>
        <line num="587" type="stmt" count="0"/>
        <line num="588" type="stmt" count="0"/>
        <line num="591" type="stmt" count="2"/>
        <line num="594" type="stmt" count="2"/>
        <line num="595" type="stmt" count="2"/>
        <line num="596" type="stmt" count="2"/>
        <line num="598" type="stmt" count="2"/>
        <line num="599" type="stmt" count="2"/>
        <line num="600" type="stmt" count="2"/>
        <line num="601" type="stmt" count="2"/>
        <line num="604" type="stmt" count="2"/>
        <line num="605" type="stmt" count="2"/>
        <line num="607" type="stmt" count="2"/>
        <line num="608" type="stmt" count="2"/>
        <line num="610" type="stmt" count="2"/>
        <line num="611" type="stmt" count="2"/>
        <line num="612" type="stmt" count="2"/>
        <line num="615" type="stmt" count="2"/>
        <line num="616" type="stmt" count="2"/>
        <line num="617" type="stmt" count="2"/>
        <line num="621" type="stmt" count="2"/>
        <line num="622" type="stmt" count="0"/>
        <line num="625" type="stmt" count="2"/>
        <line num="637" type="method" name="getHexClasses" visibility="protected" complexity="4" crap="20" count="0"/>
        <line num="639" type="stmt" count="0"/>
        <line num="642" type="stmt" count="0"/>
        <line num="643" type="stmt" count="0"/>
        <line num="644" type="stmt" count="0"/>
        <line num="646" type="stmt" count="0"/>
        <line num="647" type="stmt" count="0"/>
        <line num="648" type="stmt" count="0"/>
        <line num="649" type="stmt" count="0"/>
        <line num="652" type="stmt" count="0"/>
        <line num="653" type="stmt" count="0"/>
        <line num="655" type="stmt" count="0"/>
        <line num="656" type="stmt" count="0"/>
        <line num="657" type="stmt" count="0"/>
        <line num="660" type="stmt" count="0"/>
        <line num="661" type="stmt" count="0"/>
        <line num="662" type="stmt" count="0"/>
        <line num="666" type="stmt" count="0"/>
        <line num="667" type="stmt" count="0"/>
        <line num="670" type="stmt" count="0"/>
        <line num="683" type="method" name="applyVariantAdjustment" visibility="protected" complexity="2" crap="6" count="0"/>
        <line num="686" type="stmt" count="0"/>
        <line num="687" type="stmt" count="0"/>
        <line num="688" type="stmt" count="0"/>
        <line num="689" type="stmt" count="0"/>
        <line num="690" type="stmt" count="0"/>
        <line num="691" type="stmt" count="0"/>
        <line num="692" type="stmt" count="0"/>
        <line num="693" type="stmt" count="0"/>
        <line num="694" type="stmt" count="0"/>
        <line num="695" type="stmt" count="0"/>
        <line num="697" type="stmt" count="0"/>
        <line num="698" type="stmt" count="0"/>
        <line num="701" type="stmt" count="0"/>
        <line num="702" type="stmt" count="0"/>
        <line num="716" type="method" name="applyTailwindAdjustment" visibility="protected" complexity="9" crap="90" count="0"/>
        <line num="719" type="stmt" count="0"/>
        <line num="720" type="stmt" count="0"/>
        <line num="721" type="stmt" count="0"/>
        <line num="722" type="stmt" count="0"/>
        <line num="723" type="stmt" count="0"/>
        <line num="724" type="stmt" count="0"/>
        <line num="725" type="stmt" count="0"/>
        <line num="727" type="stmt" count="0"/>
        <line num="729" type="stmt" count="0"/>
        <line num="730" type="stmt" count="0"/>
        <line num="731" type="stmt" count="0"/>
        <line num="732" type="stmt" count="0"/>
        <line num="733" type="stmt" count="0"/>
        <line num="734" type="stmt" count="0"/>
        <line num="735" type="stmt" count="0"/>
        <line num="737" type="stmt" count="0"/>
        <line num="739" type="stmt" count="0"/>
        <line num="740" type="stmt" count="0"/>
        <line num="742" type="stmt" count="0"/>
        <line num="743" type="stmt" count="0"/>
        <line num="745" type="stmt" count="0"/>
        <line num="747" type="stmt" count="0"/>
        <line num="748" type="stmt" count="0"/>
        <line num="749" type="stmt" count="0"/>
        <line num="750" type="stmt" count="0"/>
        <line num="751" type="stmt" count="0"/>
        <line num="752" type="stmt" count="0"/>
        <line num="754" type="stmt" count="0"/>
        <line num="757" type="stmt" count="0"/>
        <line num="770" type="method" name="applyHexAdjustment" visibility="protected" complexity="5" crap="30" count="0"/>
        <line num="773" type="stmt" count="0"/>
        <line num="774" type="stmt" count="0"/>
        <line num="775" type="stmt" count="0"/>
        <line num="776" type="stmt" count="0"/>
        <line num="778" type="stmt" count="0"/>
        <line num="779" type="stmt" count="0"/>
        <line num="780" type="stmt" count="0"/>
        <line num="781" type="stmt" count="0"/>
        <line num="783" type="stmt" count="0"/>
        <line num="784" type="stmt" count="0"/>
        <line num="785" type="stmt" count="0"/>
        <line num="786" type="stmt" count="0"/>
        <line num="788" type="stmt" count="0"/>
        <line num="789" type="stmt" count="0"/>
        <line num="790" type="stmt" count="0"/>
        <line num="791" type="stmt" count="0"/>
        <line num="794" type="stmt" count="0"/>
        <line num="806" type="method" name="getContrastingTextClass" visibility="protected" complexity="3" crap="12" count="0"/>
        <line num="809" type="stmt" count="0"/>
        <line num="811" type="stmt" count="0"/>
        <line num="812" type="stmt" count="0"/>
        <line num="816" type="stmt" count="0"/>
        <line num="817" type="stmt" count="0"/>
        <line num="820" type="stmt" count="0"/>
        <line num="831" type="method" name="getContrastingTextForHex" visibility="protected" complexity="2" crap="2" count="2"/>
        <line num="834" type="stmt" count="2"/>
        <line num="835" type="stmt" count="2"/>
        <line num="836" type="stmt" count="2"/>
        <line num="837" type="stmt" count="2"/>
        <line num="839" type="stmt" count="2"/>
        <line num="841" type="stmt" count="2"/>
        <line num="853" type="method" name="tailwindColorToHex" visibility="protected" complexity="1" crap="1" count="2"/>
        <line num="855" type="stmt" count="2"/>
        <line num="856" type="stmt" count="2"/>
        <line num="857" type="stmt" count="2"/>
        <line num="858" type="stmt" count="2"/>
        <line num="859" type="stmt" count="2"/>
        <line num="860" type="stmt" count="2"/>
        <line num="861" type="stmt" count="2"/>
        <line num="862" type="stmt" count="2"/>
        <line num="863" type="stmt" count="2"/>
        <line num="864" type="stmt" count="2"/>
        <line num="865" type="stmt" count="2"/>
        <line num="866" type="stmt" count="2"/>
        <line num="867" type="stmt" count="2"/>
        <line num="868" type="stmt" count="2"/>
        <line num="869" type="stmt" count="2"/>
        <line num="870" type="stmt" count="2"/>
        <line num="871" type="stmt" count="2"/>
        <line num="872" type="stmt" count="2"/>
        <line num="873" type="stmt" count="2"/>
        <line num="874" type="stmt" count="2"/>
        <line num="875" type="stmt" count="2"/>
        <line num="876" type="stmt" count="2"/>
        <line num="877" type="stmt" count="2"/>
        <line num="878" type="stmt" count="2"/>
        <line num="879" type="stmt" count="2"/>
        <line num="880" type="stmt" count="2"/>
        <line num="881" type="stmt" count="2"/>
        <line num="882" type="stmt" count="2"/>
        <line num="883" type="stmt" count="2"/>
        <line num="884" type="stmt" count="2"/>
        <line num="885" type="stmt" count="2"/>
        <line num="886" type="stmt" count="2"/>
        <line num="887" type="stmt" count="2"/>
        <line num="888" type="stmt" count="2"/>
        <line num="889" type="stmt" count="2"/>
        <line num="890" type="stmt" count="2"/>
        <line num="891" type="stmt" count="2"/>
        <line num="892" type="stmt" count="2"/>
        <line num="893" type="stmt" count="2"/>
        <line num="894" type="stmt" count="2"/>
        <line num="895" type="stmt" count="2"/>
        <line num="896" type="stmt" count="2"/>
        <line num="897" type="stmt" count="2"/>
        <line num="898" type="stmt" count="2"/>
        <line num="899" type="stmt" count="2"/>
        <line num="900" type="stmt" count="2"/>
        <line num="901" type="stmt" count="2"/>
        <line num="902" type="stmt" count="2"/>
        <line num="903" type="stmt" count="2"/>
        <line num="904" type="stmt" count="2"/>
        <line num="905" type="stmt" count="2"/>
        <line num="906" type="stmt" count="2"/>
        <line num="907" type="stmt" count="2"/>
        <line num="908" type="stmt" count="2"/>
        <line num="909" type="stmt" count="2"/>
        <line num="910" type="stmt" count="2"/>
        <line num="911" type="stmt" count="2"/>
        <line num="912" type="stmt" count="2"/>
        <line num="913" type="stmt" count="2"/>
        <line num="914" type="stmt" count="2"/>
        <line num="915" type="stmt" count="2"/>
        <line num="916" type="stmt" count="2"/>
        <line num="917" type="stmt" count="2"/>
        <line num="918" type="stmt" count="2"/>
        <line num="919" type="stmt" count="2"/>
        <line num="920" type="stmt" count="2"/>
        <line num="921" type="stmt" count="2"/>
        <line num="922" type="stmt" count="2"/>
        <line num="923" type="stmt" count="2"/>
        <line num="924" type="stmt" count="2"/>
        <line num="925" type="stmt" count="2"/>
        <line num="926" type="stmt" count="2"/>
        <line num="927" type="stmt" count="2"/>
        <line num="928" type="stmt" count="2"/>
        <line num="929" type="stmt" count="2"/>
        <line num="930" type="stmt" count="2"/>
        <line num="931" type="stmt" count="2"/>
        <line num="932" type="stmt" count="2"/>
        <line num="933" type="stmt" count="2"/>
        <line num="934" type="stmt" count="2"/>
        <line num="935" type="stmt" count="2"/>
        <line num="936" type="stmt" count="2"/>
        <line num="937" type="stmt" count="2"/>
        <line num="938" type="stmt" count="2"/>
        <line num="939" type="stmt" count="2"/>
        <line num="940" type="stmt" count="2"/>
        <line num="941" type="stmt" count="2"/>
        <line num="942" type="stmt" count="2"/>
        <line num="943" type="stmt" count="2"/>
        <line num="944" type="stmt" count="2"/>
        <line num="945" type="stmt" count="2"/>
        <line num="946" type="stmt" count="2"/>
        <line num="947" type="stmt" count="2"/>
        <line num="948" type="stmt" count="2"/>
        <line num="949" type="stmt" count="2"/>
        <line num="950" type="stmt" count="2"/>
        <line num="951" type="stmt" count="2"/>
        <line num="952" type="stmt" count="2"/>
        <line num="953" type="stmt" count="2"/>
        <line num="954" type="stmt" count="2"/>
        <line num="955" type="stmt" count="2"/>
        <line num="956" type="stmt" count="2"/>
        <line num="957" type="stmt" count="2"/>
        <line num="958" type="stmt" count="2"/>
        <line num="959" type="stmt" count="2"/>
        <line num="960" type="stmt" count="2"/>
        <line num="961" type="stmt" count="2"/>
        <line num="962" type="stmt" count="2"/>
        <line num="963" type="stmt" count="2"/>
        <line num="964" type="stmt" count="2"/>
        <line num="965" type="stmt" count="2"/>
        <line num="966" type="stmt" count="2"/>
        <line num="968" type="stmt" count="2"/>
        <line num="980" type="method" name="adjustHexBrightness" visibility="protected" complexity="1" crap="2" count="0"/>
        <line num="982" type="stmt" count="0"/>
        <line num="984" type="stmt" count="0"/>
        <line num="985" type="stmt" count="0"/>
        <line num="986" type="stmt" count="0"/>
        <line num="988" type="stmt" count="0"/>
        <line num="989" type="stmt" count="0"/>
        <line num="990" type="stmt" count="0"/>
        <line num="992" type="stmt" count="0"/>
        <line num="1004" type="method" name="resolveDatePickerColors" visibility="public" complexity="7" crap="56" count="0"/>
        <line num="1006" type="stmt" count="0"/>
        <line num="1007" type="stmt" count="0"/>
        <line num="1010" type="stmt" count="0"/>
        <line num="1011" type="stmt" count="0"/>
        <line num="1012" type="stmt" count="0"/>
        <line num="1013" type="stmt" count="0"/>
        <line num="1014" type="stmt" count="0"/>
        <line num="1015" type="stmt" count="0"/>
        <line num="1016" type="stmt" count="0"/>
        <line num="1017" type="stmt" count="0"/>
        <line num="1020" type="stmt" count="0"/>
        <line num="1021" type="stmt" count="0"/>
        <line num="1025" type="stmt" count="0"/>
        <line num="1028" type="stmt" count="0"/>
        <line num="1029" type="stmt" count="0"/>
        <line num="1033" type="stmt" count="0"/>
        <line num="1034" type="stmt" count="0"/>
        <line num="1035" type="stmt" count="0"/>
        <line num="1036" type="stmt" count="0"/>
        <line num="1039" type="stmt" count="0"/>
        <line num="1040" type="stmt" count="0"/>
        <line num="1041" type="stmt" count="0"/>
        <line num="1052" type="method" name="getVariantBaseColor" visibility="protected" complexity="1" crap="2" count="0"/>
        <line num="1054" type="stmt" count="0"/>
        <line num="1055" type="stmt" count="0"/>
        <line num="1056" type="stmt" count="0"/>
        <line num="1057" type="stmt" count="0"/>
        <line num="1058" type="stmt" count="0"/>
        <line num="1059" type="stmt" count="0"/>
        <line num="1060" type="stmt" count="0"/>
        <line num="1061" type="stmt" count="0"/>
        <line num="1062" type="stmt" count="0"/>
        <line num="1063" type="stmt" count="0"/>
        <line num="1065" type="stmt" count="0"/>
        <line num="1077" type="method" name="applyDatePickerAdjustment" visibility="protected" complexity="6" crap="42" count="0"/>
        <line num="1080" type="stmt" count="0"/>
        <line num="1081" type="stmt" count="0"/>
        <line num="1082" type="stmt" count="0"/>
        <line num="1083" type="stmt" count="0"/>
        <line num="1084" type="stmt" count="0"/>
        <line num="1085" type="stmt" count="0"/>
        <line num="1086" type="stmt" count="0"/>
        <line num="1088" type="stmt" count="0"/>
        <line num="1090" type="stmt" count="0"/>
        <metrics loc="1093" ncloc="773" classes="1" methods="22" coveredmethods="4" conditionals="0" coveredconditionals="0" statements="415" coveredstatements="151" elements="437" coveredelements="155"/>
      </file>
    </package>
    <package name="ArtisanPack\LivewireUiComponents\Traits">
      <file name="/Users/jacobmartella/Desktop/ArtisanPack UI Packages/livewire-ui-components/src/Traits/Toast.php">
        <class name="ArtisanPack\LivewireUiComponents\Traits\Toast" namespace="ArtisanPack\LivewireUiComponents\Traits">
          <metrics complexity="6" methods="5" coveredmethods="0" conditionals="0" coveredconditionals="0" statements="18" coveredstatements="0" elements="23" coveredelements="0"/>
        </class>
        <line num="44" type="method" name="toast" visibility="public" complexity="2" crap="6" count="0"/>
        <line num="54" type="stmt" count="0"/>
        <line num="55" type="stmt" count="0"/>
        <line num="56" type="stmt" count="0"/>
        <line num="57" type="stmt" count="0"/>
        <line num="58" type="stmt" count="0"/>
        <line num="59" type="stmt" count="0"/>
        <line num="60" type="stmt" count="0"/>
        <line num="61" type="stmt" count="0"/>
        <line num="62" type="stmt" count="0"/>
        <line num="64" type="stmt" count="0"/>
        <line num="66" type="stmt" count="0"/>
        <line num="67" type="stmt" count="0"/>
        <line num="69" type="stmt" count="0"/>
        <line num="70" type="stmt" count="0"/>
        <line num="87" type="method" name="success" visibility="public" complexity="1" crap="2" count="0"/>
        <line num="96" type="stmt" count="0"/>
        <line num="112" type="method" name="warning" visibility="public" complexity="1" crap="2" count="0"/>
        <line num="121" type="stmt" count="0"/>
        <line num="137" type="method" name="error" visibility="public" complexity="1" crap="2" count="0"/>
        <line num="146" type="stmt" count="0"/>
        <line num="162" type="method" name="info" visibility="public" complexity="1" crap="2" count="0"/>
        <line num="171" type="stmt" count="0"/>
        <metrics loc="174" ncloc="87" classes="1" methods="5" coveredmethods="0" conditionals="0" coveredconditionals="0" statements="18" coveredstatements="0" elements="23" coveredelements="0"/>
      </file>
      <file name="/Users/jacobmartella/Desktop/ArtisanPack UI Packages/livewire-ui-components/src/Traits/WithMediaSync.php">
        <class name="ArtisanPack\LivewireUiComponents\Traits\WithMediaSync" namespace="ArtisanPack\LivewireUiComponents\Traits">
          <metrics complexity="9" methods="5" coveredmethods="0" conditionals="0" coveredconditionals="0" statements="32" coveredstatements="0" elements="37" coveredelements="0"/>
        </class>
        <line num="42" type="method" name="removeMedia" visibility="public" complexity="1" crap="2" count="0"/>
        <line num="45" type="stmt" count="0"/>
        <line num="48" type="stmt" count="0"/>
        <line num="49" type="stmt" count="0"/>
        <line num="60" type="method" name="refreshMediaOrder" visibility="public" complexity="1" crap="2" count="0"/>
        <line num="62" type="stmt" count="0"/>
        <line num="63" type="stmt" count="0"/>
        <line num="64" type="stmt" count="0"/>
        <line num="75" type="method" name="refreshMediaSources" visibility="public" complexity="3" crap="12" count="0"/>
        <line num="78" type="stmt" count="0"/>
        <line num="79" type="stmt" count="0"/>
        <line num="81" type="stmt" count="0"/>
        <line num="82" type="stmt" count="0"/>
        <line num="86" type="stmt" count="0"/>
        <line num="89" type="stmt" count="0"/>
        <line num="90" type="stmt" count="0"/>
        <line num="91" type="stmt" count="0"/>
        <line num="93" type="stmt" count="0"/>
        <line num="96" type="stmt" count="0"/>
        <line num="112" type="method" name="syncMedia" visibility="public" complexity="3" crap="12" count="0"/>
        <line num="122" type="stmt" count="0"/>
        <line num="123" type="stmt" count="0"/>
        <line num="124" type="stmt" count="0"/>
        <line num="126" type="stmt" count="0"/>
        <line num="127" type="stmt" count="0"/>
        <line num="130" type="stmt" count="0"/>
        <line num="131" type="stmt" count="0"/>
        <line num="132" type="stmt" count="0"/>
        <line num="136" type="stmt" count="0"/>
        <line num="138" type="stmt" count="0"/>
        <line num="139" type="stmt" count="0"/>
        <line num="143" type="stmt" count="0"/>
        <line num="146" type="stmt" count="0"/>
        <line num="156" type="method" name="getFileName" visibility="private" complexity="1" crap="2" count="0"/>
        <line num="158" type="stmt" count="0"/>
        <line num="159" type="stmt" count="0"/>
        <line num="161" type="stmt" count="0"/>
        <metrics loc="164" ncloc="87" classes="1" methods="5" coveredmethods="0" conditionals="0" coveredconditionals="0" statements="32" coveredstatements="0" elements="37" coveredelements="0"/>
      </file>
    </package>
    <package name="ArtisanPack\LivewireUiComponents\View\Components">
      <file name="/Users/jacobmartella/Desktop/ArtisanPack UI Packages/livewire-ui-components/src/View/Components/Accordion.php">
        <class name="ArtisanPack\LivewireUiComponents\View\Components\Accordion" namespace="ArtisanPack\LivewireUiComponents\View\Components">
          <metrics complexity="4" methods="2" coveredmethods="2" conditionals="0" coveredconditionals="0" statements="4" coveredstatements="4" elements="6" coveredelements="6"/>
        </class>
        <line num="36" type="method" name="__construct" visibility="public" complexity="3" crap="3" count="7"/>
        <line num="43" type="stmt" count="7"/>
        <line num="44" type="stmt" count="7"/>
        <line num="46" type="stmt" count="7"/>
        <line num="49" type="method" name="render" visibility="public" complexity="1" crap="1" count="1"/>
        <line num="51" type="stmt" count="1"/>
        <metrics loc="54" ncloc="32" classes="1" methods="2" coveredmethods="2" conditionals="0" coveredconditionals="0" statements="4" coveredstatements="4" elements="6" coveredelements="6"/>
      </file>
      <file name="/Users/jacobmartella/Desktop/ArtisanPack UI Packages/livewire-ui-components/src/View/Components/Alert.php">
        <class name="ArtisanPack\LivewireUiComponents\View\Components\Alert" namespace="ArtisanPack\LivewireUiComponents\View\Components">
          <metrics complexity="5" methods="3" coveredmethods="2" conditionals="0" coveredconditionals="0" statements="12" coveredstatements="5" elements="15" coveredelements="7"/>
        </class>
        <line num="46" type="method" name="__construct" visibility="public" complexity="2" crap="2" count="9"/>
        <line num="61" type="stmt" count="9"/>
        <line num="62" type="stmt" count="9"/>
        <line num="72" type="method" name="getColorClasses" visibility="public" complexity="2" crap="3.88" count="1"/>
        <line num="74" type="stmt" count="1"/>
        <line num="75" type="stmt" count="1"/>
        <line num="78" type="stmt" count="0"/>
        <line num="81" type="stmt" count="0"/>
        <line num="82" type="stmt" count="0"/>
        <line num="83" type="stmt" count="0"/>
        <line num="84" type="stmt" count="0"/>
        <line num="85" type="stmt" count="0"/>
        <line num="87" type="stmt" count="0"/>
        <line num="90" type="method" name="render" visibility="public" complexity="1" crap="1" count="1"/>
        <line num="92" type="stmt" count="1"/>
        <metrics loc="95" ncloc="54" classes="1" methods="3" coveredmethods="2" conditionals="0" coveredconditionals="0" statements="12" coveredstatements="5" elements="15" coveredelements="7"/>
      </file>
      <file name="/Users/jacobmartella/Desktop/ArtisanPack UI Packages/livewire-ui-components/src/View/Components/Avatar.php">
        <class name="ArtisanPack\LivewireUiComponents\View\Components\Avatar" namespace="ArtisanPack\LivewireUiComponents\View\Components">
          <metrics complexity="4" methods="3" coveredmethods="2" conditionals="0" coveredconditionals="0" statements="11" coveredstatements="4" elements="14" coveredelements="6"/>
        </class>
        <line num="47" type="method" name="__construct" visibility="public" complexity="1" crap="1" count="8"/>
        <line num="60" type="stmt" count="8"/>
        <line num="69" type="method" name="getColorClasses" visibility="public" complexity="2" crap="3.88" count="1"/>
        <line num="71" type="stmt" count="1"/>
        <line num="72" type="stmt" count="1"/>
        <line num="75" type="stmt" count="0"/>
        <line num="78" type="stmt" count="0"/>
        <line num="79" type="stmt" count="0"/>
        <line num="80" type="stmt" count="0"/>
        <line num="81" type="stmt" count="0"/>
        <line num="82" type="stmt" count="0"/>
        <line num="84" type="stmt" count="0"/>
        <line num="87" type="method" name="render" visibility="public" complexity="1" crap="1" count="1"/>
        <line num="89" type="stmt" count="1"/>
        <metrics loc="91" ncloc="51" classes="1" methods="3" coveredmethods="2" conditionals="0" coveredconditionals="0" statements="11" coveredstatements="4" elements="14" coveredelements="6"/>
      </file>
      <file name="/Users/jacobmartella/Desktop/ArtisanPack UI Packages/livewire-ui-components/src/View/Components/Badge.php">
        <class name="ArtisanPack\LivewireUiComponents\View\Components\Badge" namespace="ArtisanPack\LivewireUiComponents\View\Components">
          <metrics complexity="4" methods="3" coveredmethods="2" conditionals="0" coveredconditionals="0" statements="11" coveredstatements="4" elements="14" coveredelements="6"/>
        </class>
        <line num="36" type="method" name="__construct" visibility="public" complexity="1" crap="1" count="7"/>
        <line num="42" type="stmt" count="7"/>
        <line num="51" type="method" name="getColorClasses" visibility="public" complexity="2" crap="3.88" count="1"/>
        <line num="53" type="stmt" count="1"/>
        <line num="54" type="stmt" count="1"/>
        <line num="57" type="stmt" count="0"/>
        <line num="60" type="stmt" count="0"/>
        <line num="61" type="stmt" count="0"/>
        <line num="62" type="stmt" count="0"/>
        <line num="63" type="stmt" count="0"/>
        <line num="64" type="stmt" count="0"/>
        <line num="66" type="stmt" count="0"/>
        <line num="69" type="method" name="render" visibility="public" complexity="1" crap="1" count="1"/>
        <line num="71" type="stmt" count="1"/>
        <metrics loc="73" ncloc="45" classes="1" methods="3" coveredmethods="2" conditionals="0" coveredconditionals="0" statements="11" coveredstatements="4" elements="14" coveredelements="6"/>
      </file>
      <file name="/Users/jacobmartella/Desktop/ArtisanPack UI Packages/livewire-ui-components/src/View/Components/Breadcrumbs.php">
        <class name="ArtisanPack\LivewireUiComponents\View\Components\Breadcrumbs" namespace="ArtisanPack\LivewireUiComponents\View\Components">
          <metrics complexity="8" methods="4" coveredmethods="2" conditionals="0" coveredconditionals="0" statements="7" coveredstatements="2" elements="11" coveredelements="4"/>
        </class>
        <line num="44" type="method" name="__construct" visibility="public" complexity="1" crap="1" count="7"/>
        <line num="54" type="stmt" count="7"/>
        <line num="57" type="method" name="tooltip" visibility="public" complexity="1" crap="2" count="0"/>
        <line num="59" type="stmt" count="0"/>
        <line num="62" type="method" name="tooltipPosition" visibility="public" complexity="5" crap="30" count="0"/>
        <line num="65" type="stmt" count="0"/>
        <line num="66" type="stmt" count="0"/>
        <line num="67" type="stmt" count="0"/>
        <line num="68" type="stmt" count="0"/>
        <line num="72" type="method" name="render" visibility="public" complexity="1" crap="1" count="1"/>
        <line num="74" type="stmt" count="1"/>
        <metrics loc="76" ncloc="46" classes="1" methods="4" coveredmethods="2" conditionals="0" coveredconditionals="0" statements="7" coveredstatements="2" elements="11" coveredelements="4"/>
      </file>
      <file name="/Users/jacobmartella/Desktop/ArtisanPack UI Packages/livewire-ui-components/src/View/Components/Button.php">
        <class name="ArtisanPack\LivewireUiComponents\View\Components\Button" namespace="ArtisanPack\LivewireUiComponents\View\Components">
          <metrics complexity="35" methods="7" coveredmethods="3" conditionals="0" coveredconditionals="0" statements="56" coveredstatements="35" elements="63" coveredelements="38"/>
        </class>
        <line num="65" type="method" name="__construct" visibility="public" complexity="7" crap="7" count="23"/>
        <line num="88" type="stmt" count="23"/>
        <line num="89" type="stmt" count="23"/>
        <line num="93" type="stmt" count="23"/>
        <line num="95" type="stmt" count="2"/>
        <line num="98" type="stmt" count="22"/>
        <line num="99" type="stmt" count="22"/>
        <line num="103" type="stmt" count="23"/>
        <line num="106" type="stmt" count="23"/>
        <line num="107" type="stmt" count="23"/>
        <line num="118" type="method" name="validateVariant" visibility="private" complexity="2" crap="2" count="22"/>
        <line num="120" type="stmt" count="22"/>
        <line num="121" type="stmt" count="22"/>
        <line num="122" type="stmt" count="22"/>
        <line num="123" type="stmt" count="22"/>
        <line num="124" type="stmt" count="22"/>
        <line num="125" type="stmt" count="22"/>
        <line num="126" type="stmt" count="22"/>
        <line num="127" type="stmt" count="22"/>
        <line num="128" type="stmt" count="22"/>
        <line num="129" type="stmt" count="22"/>
        <line num="131" type="stmt" count="22"/>
        <line num="140" type="method" name="getColorClasses" visibility="public" complexity="3" crap="3.01" count="2"/>
        <line num="142" type="stmt" count="2"/>
        <line num="145" type="stmt" count="2"/>
        <line num="146" type="stmt" count="2"/>
        <line num="147" type="stmt" count="2"/>
        <line num="148" type="stmt" count="2"/>
        <line num="149" type="stmt" count="2"/>
        <line num="152" type="stmt" count="2"/>
        <line num="153" type="stmt" count="0"/>
        <line num="156" type="stmt" count="2"/>
        <line num="165" type="method" name="getVariantClasses" visibility="public" complexity="10" crap="35.77" count="1"/>
        <line num="168" type="stmt" count="1"/>
        <line num="169" type="stmt" count="1"/>
        <line num="170" type="stmt" count="0"/>
        <line num="171" type="stmt" count="0"/>
        <line num="172" type="stmt" count="0"/>
        <line num="173" type="stmt" count="0"/>
        <line num="174" type="stmt" count="0"/>
        <line num="175" type="stmt" count="0"/>
        <line num="176" type="stmt" count="0"/>
        <line num="177" type="stmt" count="1"/>
        <line num="178" type="stmt" count="1"/>
        <line num="188" type="method" name="getFallbackVariantClasses" visibility="protected" complexity="10" crap="110" count="0"/>
        <line num="190" type="stmt" count="0"/>
        <line num="191" type="stmt" count="0"/>
        <line num="192" type="stmt" count="0"/>
        <line num="193" type="stmt" count="0"/>
        <line num="194" type="stmt" count="0"/>
        <line num="195" type="stmt" count="0"/>
        <line num="196" type="stmt" count="0"/>
        <line num="197" type="stmt" count="0"/>
        <line num="198" type="stmt" count="0"/>
        <line num="199" type="stmt" count="0"/>
        <line num="200" type="stmt" count="0"/>
        <line num="202" type="stmt" count="0"/>
        <line num="214" type="method" name="spinnerTarget" visibility="public" complexity="2" crap="2.15" count="1"/>
        <line num="216" type="stmt" count="1"/>
        <line num="217" type="stmt" count="0"/>
        <line num="220" type="stmt" count="1"/>
        <line num="223" type="method" name="render" visibility="public" complexity="1" crap="1" count="2"/>
        <line num="225" type="stmt" count="2"/>
        <metrics loc="228" ncloc="135" classes="1" methods="7" coveredmethods="3" conditionals="0" coveredconditionals="0" statements="56" coveredstatements="35" elements="63" coveredelements="38"/>
      </file>
      <file name="/Users/jacobmartella/Desktop/ArtisanPack UI Packages/livewire-ui-components/src/View/Components/Calendar.php">
        <class name="ArtisanPack\LivewireUiComponents\View\Components\Calendar" namespace="ArtisanPack\LivewireUiComponents\View\Components">
          <metrics complexity="61" methods="12" coveredmethods="0" conditionals="0" coveredconditionals="0" statements="162" coveredstatements="0" elements="174" coveredelements="0"/>
        </class>
        <line num="72" type="method" name="mount" visibility="public" complexity="5" crap="30" count="0"/>
        <line num="85" type="stmt" count="0"/>
        <line num="86" type="stmt" count="0"/>
        <line num="87" type="stmt" count="0"/>
        <line num="88" type="stmt" count="0"/>
        <line num="89" type="stmt" count="0"/>
        <line num="90" type="stmt" count="0"/>
        <line num="91" type="stmt" count="0"/>
        <line num="93" type="stmt" count="0"/>
        <line num="94" type="stmt" count="0"/>
        <line num="96" type="stmt" count="0"/>
        <line num="97" type="stmt" count="0"/>
        <line num="100" type="stmt" count="0"/>
        <line num="101" type="stmt" count="0"/>
        <line num="103" type="stmt" count="0"/>
        <line num="104" type="stmt" count="0"/>
        <line num="106" type="stmt" count="0"/>
        <line num="107" type="stmt" count="0"/>
        <line num="108" type="stmt" count="0"/>
        <line num="110" type="stmt" count="0"/>
        <line num="121" type="method" name="loadEventModal" visibility="public" complexity="2" crap="6" count="0"/>
        <line num="122" type="stmt" count="0"/>
        <line num="124" type="stmt" count="0"/>
        <line num="125" type="stmt" count="0"/>
        <line num="126" type="stmt" count="0"/>
        <line num="127" type="stmt" count="0"/>
        <line num="138" type="method" name="goToNextPeriod" visibility="public" complexity="6" crap="42" count="0"/>
        <line num="139" type="stmt" count="0"/>
        <line num="140" type="stmt" count="0"/>
        <line num="141" type="stmt" count="0"/>
        <line num="142" type="stmt" count="0"/>
        <line num="143" type="stmt" count="0"/>
        <line num="144" type="stmt" count="0"/>
        <line num="145" type="stmt" count="0"/>
        <line num="146" type="stmt" count="0"/>
        <line num="147" type="stmt" count="0"/>
        <line num="148" type="stmt" count="0"/>
        <line num="149" type="stmt" count="0"/>
        <line num="151" type="stmt" count="0"/>
        <line num="152" type="stmt" count="0"/>
        <line num="155" type="stmt" count="0"/>
        <line num="165" type="method" name="goToPreviousPeriod" visibility="public" complexity="6" crap="42" count="0"/>
        <line num="166" type="stmt" count="0"/>
        <line num="167" type="stmt" count="0"/>
        <line num="168" type="stmt" count="0"/>
        <line num="169" type="stmt" count="0"/>
        <line num="170" type="stmt" count="0"/>
        <line num="171" type="stmt" count="0"/>
        <line num="172" type="stmt" count="0"/>
        <line num="173" type="stmt" count="0"/>
        <line num="174" type="stmt" count="0"/>
        <line num="175" type="stmt" count="0"/>
        <line num="176" type="stmt" count="0"/>
        <line num="178" type="stmt" count="0"/>
        <line num="179" type="stmt" count="0"/>
        <line num="182" type="stmt" count="0"/>
        <line num="192" type="method" name="goToToday" visibility="public" complexity="7" crap="56" count="0"/>
        <line num="193" type="stmt" count="0"/>
        <line num="195" type="stmt" count="0"/>
        <line num="196" type="stmt" count="0"/>
        <line num="197" type="stmt" count="0"/>
        <line num="198" type="stmt" count="0"/>
        <line num="199" type="stmt" count="0"/>
        <line num="200" type="stmt" count="0"/>
        <line num="201" type="stmt" count="0"/>
        <line num="202" type="stmt" count="0"/>
        <line num="203" type="stmt" count="0"/>
        <line num="204" type="stmt" count="0"/>
        <line num="205" type="stmt" count="0"/>
        <line num="207" type="stmt" count="0"/>
        <line num="208" type="stmt" count="0"/>
        <line num="211" type="stmt" count="0"/>
        <line num="221" type="method" name="updatedView" visibility="public" complexity="1" crap="2" count="0"/>
        <line num="222" type="stmt" count="0"/>
        <line num="223" type="stmt" count="0"/>
        <line num="233" type="method" name="updateHeaderText" visibility="public" complexity="9" crap="90" count="0"/>
        <line num="234" type="stmt" count="0"/>
        <line num="235" type="stmt" count="0"/>
        <line num="236" type="stmt" count="0"/>
        <line num="237" type="stmt" count="0"/>
        <line num="238" type="stmt" count="0"/>
        <line num="239" type="stmt" count="0"/>
        <line num="240" type="stmt" count="0"/>
        <line num="242" type="stmt" count="0"/>
        <line num="243" type="stmt" count="0"/>
        <line num="244" type="stmt" count="0"/>
        <line num="245" type="stmt" count="0"/>
        <line num="247" type="stmt" count="0"/>
        <line num="249" type="stmt" count="0"/>
        <line num="250" type="stmt" count="0"/>
        <line num="251" type="stmt" count="0"/>
        <line num="252" type="stmt" count="0"/>
        <line num="253" type="stmt" count="0"/>
        <line num="255" type="stmt" count="0"/>
        <line num="256" type="stmt" count="0"/>
        <line num="267" type="method" name="getWeekdaysProperty" visibility="public" complexity="3" crap="12" count="0"/>
        <line num="268" type="stmt" count="0"/>
        <line num="269" type="stmt" count="0"/>
        <line num="270" type="stmt" count="0"/>
        <line num="272" type="stmt" count="0"/>
        <line num="273" type="stmt" count="0"/>
        <line num="274" type="stmt" count="0"/>
        <line num="277" type="stmt" count="0"/>
        <line num="287" type="method" name="getWeeksProperty" visibility="public" complexity="17" crap="306" count="0"/>
        <line num="288" type="stmt" count="0"/>
        <line num="289" type="stmt" count="0"/>
        <line num="291" type="stmt" count="0"/>
        <line num="292" type="stmt" count="0"/>
        <line num="294" type="stmt" count="0"/>
        <line num="295" type="stmt" count="0"/>
        <line num="296" type="stmt" count="0"/>
        <line num="297" type="stmt" count="0"/>
        <line num="298" type="stmt" count="0"/>
        <line num="299" type="stmt" count="0"/>
        <line num="300" type="stmt" count="0"/>
        <line num="301" type="stmt" count="0"/>
        <line num="302" type="stmt" count="0"/>
        <line num="303" type="stmt" count="0"/>
        <line num="306" type="stmt" count="0"/>
        <line num="307" type="stmt" count="0"/>
        <line num="308" type="stmt" count="0"/>
        <line num="309" type="stmt" count="0"/>
        <line num="312" type="stmt" count="0"/>
        <line num="313" type="stmt" count="0"/>
        <line num="314" type="stmt" count="0"/>
        <line num="315" type="stmt" count="0"/>
        <line num="316" type="stmt" count="0"/>
        <line num="317" type="stmt" count="0"/>
        <line num="319" type="stmt" count="0"/>
        <line num="320" type="stmt" count="0"/>
        <line num="322" type="stmt" count="0"/>
        <line num="323" type="stmt" count="0"/>
        <line num="326" type="stmt" count="0"/>
        <line num="327" type="stmt" count="0"/>
        <line num="328" type="stmt" count="0"/>
        <line num="330" type="stmt" count="0"/>
        <line num="331" type="stmt" count="0"/>
        <line num="332" type="stmt" count="0"/>
        <line num="335" type="stmt" count="0"/>
        <line num="336" type="stmt" count="0"/>
        <line num="337" type="stmt" count="0"/>
        <line num="339" type="stmt" count="0"/>
        <line num="340" type="stmt" count="0"/>
        <line num="341" type="stmt" count="0"/>
        <line num="343" type="stmt" count="0"/>
        <line num="344" type="stmt" count="0"/>
        <line num="345" type="stmt" count="0"/>
        <line num="346" type="stmt" count="0"/>
        <line num="347" type="stmt" count="0"/>
        <line num="348" type="stmt" count="0"/>
        <line num="349" type="stmt" count="0"/>
        <line num="350" type="stmt" count="0"/>
        <line num="360" type="method" name="render" visibility="public" complexity="1" crap="2" count="0"/>
        <line num="361" type="stmt" count="0"/>
        <line num="371" type="method" name="generateCustomColorScript" visibility="private" complexity="3" crap="12" count="0"/>
        <line num="372" type="stmt" count="0"/>
        <line num="373" type="stmt" count="0"/>
        <line num="376" type="stmt" count="0"/>
        <line num="377" type="stmt" count="0"/>
        <line num="378" type="stmt" count="0"/>
        <line num="379" type="stmt" count="0"/>
        <line num="381" type="stmt" count="0"/>
        <line num="384" type="stmt" count="0"/>
        <line num="385" type="stmt" count="0"/>
        <line num="386" type="stmt" count="0"/>
        <line num="387" type="stmt" count="0"/>
        <line num="388" type="stmt" count="0"/>
        <line num="391" type="stmt" count="0"/>
        <line num="403" type="method" name="hexToRgba" visibility="private" complexity="1" crap="2" count="0"/>
        <line num="404" type="stmt" count="0"/>
        <line num="405" type="stmt" count="0"/>
        <line num="406" type="stmt" count="0"/>
        <line num="407" type="stmt" count="0"/>
        <line num="409" type="stmt" count="0"/>
        <metrics loc="411" ncloc="292" classes="1" methods="12" coveredmethods="0" conditionals="0" coveredconditionals="0" statements="162" coveredstatements="0" elements="174" coveredelements="0"/>
      </file>
      <file name="/Users/jacobmartella/Desktop/ArtisanPack UI Packages/livewire-ui-components/src/View/Components/Card.php">
        <class name="ArtisanPack\LivewireUiComponents\View\Components\Card" namespace="ArtisanPack\LivewireUiComponents\View\Components">
          <metrics complexity="5" methods="3" coveredmethods="2" conditionals="0" coveredconditionals="0" statements="8" coveredstatements="7" elements="11" coveredelements="9"/>
        </class>
        <line num="35" type="method" name="__construct" visibility="public" complexity="2" crap="2" count="8"/>
        <line num="49" type="stmt" count="8"/>
        <line num="52" type="stmt" count="8"/>
        <line num="53" type="stmt" count="8"/>
        <line num="54" type="stmt" count="1"/>
        <line num="57" type="method" name="progressTarget" visibility="public" complexity="2" crap="2.15" count="1"/>
        <line num="59" type="stmt" count="1"/>
        <line num="60" type="stmt" count="0"/>
        <line num="63" type="stmt" count="1"/>
        <line num="66" type="method" name="render" visibility="public" complexity="1" crap="1" count="1"/>
        <line num="68" type="stmt" count="1"/>
        <metrics loc="70" ncloc="46" classes="1" methods="3" coveredmethods="2" conditionals="0" coveredconditionals="0" statements="8" coveredstatements="7" elements="11" coveredelements="9"/>
      </file>
      <file name="/Users/jacobmartella/Desktop/ArtisanPack UI Packages/livewire-ui-components/src/View/Components/Carousel.php">
        <class name="ArtisanPack\LivewireUiComponents\View\Components\Carousel" namespace="ArtisanPack\LivewireUiComponents\View\Components">
          <metrics complexity="10" methods="4" coveredmethods="1" conditionals="0" coveredconditionals="0" statements="19" coveredstatements="1" elements="23" coveredelements="2"/>
        </class>
        <line num="41" type="method" name="__construct" visibility="public" complexity="1" crap="1" count="1"/>
        <line num="62" type="stmt" count="1"/>
        <line num="71" type="method" name="isRawSvg" visibility="private" complexity="3" crap="12" count="0"/>
        <line num="73" type="stmt" count="0"/>
        <line num="74" type="stmt" count="0"/>
        <line num="75" type="stmt" count="0"/>
        <line num="86" type="method" name="renderIcon" visibility="public" complexity="5" crap="30" count="0"/>
        <line num="88" type="stmt" count="0"/>
        <line num="90" type="stmt" count="0"/>
        <line num="92" type="stmt" count="0"/>
        <line num="93" type="stmt" count="0"/>
        <line num="95" type="stmt" count="0"/>
        <line num="96" type="stmt" count="0"/>
        <line num="97" type="stmt" count="0"/>
        <line num="98" type="stmt" count="0"/>
        <line num="101" type="stmt" count="0"/>
        <line num="103" type="stmt" count="0"/>
        <line num="107" type="stmt" count="0"/>
        <line num="108" type="stmt" count="0"/>
        <line num="109" type="stmt" count="0"/>
        <line num="110" type="stmt" count="0"/>
        <line num="113" type="method" name="render" visibility="public" complexity="1" crap="2" count="0"/>
        <line num="115" type="stmt" count="0"/>
        <metrics loc="118" ncloc="73" classes="1" methods="4" coveredmethods="1" conditionals="0" coveredconditionals="0" statements="19" coveredstatements="1" elements="23" coveredelements="2"/>
      </file>
      <file name="/Users/jacobmartella/Desktop/ArtisanPack UI Packages/livewire-ui-components/src/View/Components/Chart.php">
        <class name="ArtisanPack\LivewireUiComponents\View\Components\Chart" namespace="ArtisanPack\LivewireUiComponents\View\Components">
          <metrics complexity="2" methods="2" coveredmethods="2" conditionals="0" coveredconditionals="0" statements="2" coveredstatements="2" elements="4" coveredelements="4"/>
        </class>
        <line num="35" type="method" name="__construct" visibility="public" complexity="1" crap="1" count="5"/>
        <line num="38" type="stmt" count="5"/>
        <line num="41" type="method" name="render" visibility="public" complexity="1" crap="1" count="1"/>
        <line num="43" type="stmt" count="1"/>
        <metrics loc="46" ncloc="25" classes="1" methods="2" coveredmethods="2" conditionals="0" coveredconditionals="0" statements="2" coveredstatements="2" elements="4" coveredelements="4"/>
      </file>
[...]
      </file>
      <file name="/Users/jacobmartella/Desktop/ArtisanPack UI Packages/livewire-ui-components/src/View/Components/Table.php">
        <class name="ArtisanPack\LivewireUiComponents\View\Components\Table" namespace="ArtisanPack\LivewireUiComponents\View\Components">
          <metrics complexity="37" methods="14" coveredmethods="0" conditionals="0" coveredconditionals="0" statements="61" coveredstatements="0" elements="75" coveredelements="0"/>
        </class>
        <line num="79" type="method" name="__construct" visibility="public" complexity="4" crap="20" count="0"/>
        <line num="113" type="stmt" count="0"/>
        <line num="114" type="stmt" count="0"/>
        <line num="118" type="stmt" count="0"/>
        <line num="119" type="stmt" count="0"/>
        <line num="120" type="stmt" count="0"/>
        <line num="123" type="stmt" count="0"/>
        <line num="124" type="stmt" count="0"/>
        <line num="125" type="stmt" count="0"/>
        <line num="128" type="stmt" count="0"/>
        <line num="130" type="stmt" count="0"/>
        <line num="134" type="stmt" count="0"/>
        <line num="135" type="stmt" count="0"/>
        <line num="136" type="stmt" count="0"/>
        <line num="140" type="method" name="getAllIds" visibility="public" complexity="2" crap="6" count="0"/>
        <line num="142" type="stmt" count="0"/>
        <line num="143" type="stmt" count="0"/>
        <line num="146" type="stmt" count="0"/>
        <line num="150" type="method" name="isSortable" visibility="public" complexity="2" crap="6" count="0"/>
        <line num="152" type="stmt" count="0"/>
        <line num="156" type="method" name="isHidden" visibility="public" complexity="1" crap="2" count="0"/>
        <line num="158" type="stmt" count="0"/>
        <line num="162" type="method" name="format" visibility="public" complexity="6" crap="42" count="0"/>
        <line num="164" type="stmt" count="0"/>
        <line num="166" type="stmt" count="0"/>
        <line num="167" type="stmt" count="0"/>
        <line num="170" type="stmt" count="0"/>
        <line num="171" type="stmt" count="0"/>
        <line num="174" type="stmt" count="0"/>
        <line num="175" type="stmt" count="0"/>
        <line num="178" type="stmt" count="0"/>
        <line num="179" type="stmt" count="0"/>
        <line num="182" type="stmt" count="0"/>
        <line num="186" type="method" name="hasLink" visibility="public" complexity="2" crap="6" count="0"/>
        <line num="188" type="stmt" count="0"/>
        <line num="192" type="method" name="isSortedBy" visibility="public" complexity="2" crap="6" count="0"/>
        <line num="194" type="stmt" count="0"/>
        <line num="195" type="stmt" count="0"/>
        <line num="198" type="stmt" count="0"/>
        <line num="202" type="method" name="getSort" visibility="public" complexity="5" crap="30" count="0"/>
        <line num="204" type="stmt" count="0"/>
        <line num="205" type="stmt" count="0"/>
        <line num="208" type="stmt" count="0"/>
        <line num="209" type="stmt" count="0"/>
        <line num="212" type="stmt" count="0"/>
        <line num="213" type="stmt" count="0"/>
        <line num="214" type="stmt" count="0"/>
        <line num="216" type="stmt" count="0"/>
        <line num="220" type="method" name="redirectLink" visibility="public" complexity="1" crap="2" count="0"/>
        <line num="222" type="stmt" count="0"/>
        <line num="225" type="stmt" count="0"/>
        <line num="228" type="stmt" count="0"/>
        <line num="231" type="stmt" count="0"/>
        <line num="232" type="stmt" count="0"/>
        <line num="233" type="stmt" count="0"/>
        <line num="235" type="stmt" count="0"/>
        <line num="238" type="method" name="rowClasses" visibility="public" complexity="3" crap="12" count="0"/>
        <line num="240" type="stmt" count="0"/>
        <line num="242" type="stmt" count="0"/>
        <line num="243" type="stmt" count="0"/>
        <line num="244" type="stmt" count="0"/>
        <line num="248" type="stmt" count="0"/>
        <line num="251" type="method" name="cellClasses" visibility="public" complexity="3" crap="12" count="0"/>
        <line num="253" type="stmt" count="0"/>
        <line num="255" type="stmt" count="0"/>
        <line num="256" type="stmt" count="0"/>
        <line num="257" type="stmt" count="0"/>
        <line num="261" type="stmt" count="0"/>
        <line num="264" type="method" name="selectableModifier" visibility="public" complexity="2" crap="6" count="0"/>
        <line num="266" type="stmt" count="0"/>
        <line num="269" type="method" name="getKeyValue" visibility="public" complexity="3" crap="12" count="0"/>
        <line num="271" type="stmt" count="0"/>
        <line num="273" type="stmt" count="0"/>
        <line num="282" type="method" name="render" visibility="public" complexity="1" crap="2" count="0"/>
        <line num="284" type="stmt" count="0"/>
        <metrics loc="286" ncloc="204" classes="1" methods="14" coveredmethods="0" conditionals="0" coveredconditionals="0" statements="61" coveredstatements="0" elements="75" coveredelements="0"/>
      </file>
      <file name="/Users/jacobmartella/Desktop/ArtisanPack UI Packages/livewire-ui-components/src/View/Components/Tabs.php">
        <class name="ArtisanPack\LivewireUiComponents\View\Components\Tabs" namespace="ArtisanPack\LivewireUiComponents\View\Components">
          <metrics complexity="21" methods="8" coveredmethods="5" conditionals="0" coveredconditionals="0" statements="43" coveredstatements="26" elements="51" coveredelements="31"/>
        </class>
        <line num="61" type="method" name="__construct" visibility="public" complexity="1" crap="1" count="34"/>
        <line num="83" type="stmt" count="34"/>
        <line num="93" type="method" name="isVertical" visibility="public" complexity="1" crap="1" count="20"/>
        <line num="95" type="stmt" count="20"/>
        <line num="105" type="method" name="isVerticalRight" visibility="public" complexity="1" crap="1" count="16"/>
        <line num="107" type="stmt" count="16"/>
        <line num="117" type="method" name="getTabsContainerClass" visibility="public" complexity="2" crap="2" count="6"/>
        <line num="119" type="stmt" count="6"/>
        <line num="129" type="method" name="getLabelDivClass" visibility="public" complexity="5" crap="7.54" count="7"/>
        <line num="131" type="stmt" count="7"/>
        <line num="133" type="stmt" count="7"/>
        <line num="134" type="stmt" count="2"/>
        <line num="135" type="stmt" count="5"/>
        <line num="136" type="stmt" count="2"/>
        <line num="140" type="stmt" count="7"/>
        <line num="141" type="stmt" count="0"/>
        <line num="145" type="stmt" count="7"/>
        <line num="146" type="stmt" count="0"/>
        <line num="147" type="stmt" count="0"/>
        <line num="148" type="stmt" count="0"/>
        <line num="149" type="stmt" count="0"/>
        <line num="150" type="stmt" count="0"/>
        <line num="151" type="stmt" count="0"/>
        <line num="154" type="stmt" count="7"/>
        <line num="164" type="method" name="getFinalLabelClass" visibility="public" complexity="5" crap="6.32" count="5"/>
        <line num="166" type="stmt" count="5"/>
        <line num="168" type="stmt" count="5"/>
        <line num="169" type="stmt" count="0"/>
        <line num="172" type="stmt" count="5"/>
        <line num="173" type="stmt" count="0"/>
        <line num="176" type="stmt" count="5"/>
        <line num="177" type="stmt" count="0"/>
        <line num="180" type="stmt" count="5"/>
        <line num="190" type="method" name="getActiveClass" visibility="public" complexity="5" crap="7.54" count="7"/>
        <line num="192" type="stmt" count="7"/>
        <line num="193" type="stmt" count="0"/>
        <line num="196" type="stmt" count="7"/>
        <line num="198" type="stmt" count="7"/>
        <line num="199" type="stmt" count="2"/>
        <line num="200" type="stmt" count="5"/>
        <line num="201" type="stmt" count="2"/>
        <line num="205" type="stmt" count="7"/>
        <line num="206" type="stmt" count="0"/>
        <line num="207" type="stmt" count="0"/>
        <line num="208" type="stmt" count="0"/>
        <line num="209" type="stmt" count="0"/>
        <line num="210" type="stmt" count="0"/>
        <line num="211" type="stmt" count="0"/>
        <line num="214" type="stmt" count="7"/>
        <line num="224" type="method" name="render" visibility="public" complexity="1" crap="1" count="1"/>
        <line num="226" type="stmt" count="1"/>
        <metrics loc="229" ncloc="127" classes="1" methods="8" coveredmethods="5" conditionals="0" coveredconditionals="0" statements="43" coveredstatements="26" elements="51" coveredelements="31"/>
      </file>
      <file name="/Users/jacobmartella/Desktop/ArtisanPack UI Packages/livewire-ui-components/src/View/Components/Tags.php">
        <class name="ArtisanPack\LivewireUiComponents\View\Components\Tags" namespace="ArtisanPack\LivewireUiComponents\View\Components">
          <metrics complexity="24" methods="10" coveredmethods="3" conditionals="0" coveredconditionals="0" statements="19" coveredstatements="7" elements="29" coveredelements="10"/>
        </class>
        <line num="77" type="method" name="__construct" visibility="public" complexity="7" crap="7" count="10"/>
        <line num="114" type="stmt" count="10"/>
        <line num="117" type="stmt" count="10"/>
        <line num="118" type="stmt" count="2"/>
        <line num="122" type="method" name="modelName" visibility="public" complexity="1" crap="2" count="0"/>
        <line num="124" type="stmt" count="0"/>
        <line num="127" type="method" name="errorFieldName" visibility="public" complexity="1" crap="2" count="0"/>
        <line num="129" type="stmt" count="0"/>
        <line num="132" type="method" name="isReadonly" visibility="public" complexity="2" crap="6" count="0"/>
        <line num="134" type="stmt" count="0"/>
        <line num="137" type="method" name="isDisabled" visibility="public" complexity="2" crap="6" count="0"/>
        <line num="139" type="stmt" count="0"/>
        <line num="142" type="method" name="isRequired" visibility="public" complexity="2" crap="6" count="0"/>
        <line num="144" type="stmt" count="0"/>
        <line num="154" type="method" name="getOptionValue" visibility="public" complexity="3" crap="12" count="0"/>
        <line num="156" type="stmt" count="0"/>
        <line num="157" type="stmt" count="0"/>
        <line num="166" type="method" name="hasSearchableOptions" visibility="public" complexity="4" crap="9.83" count="2"/>
        <line num="168" type="stmt" count="2"/>
        <line num="169" type="stmt" count="2"/>
        <line num="172" type="stmt" count="0"/>
        <line num="173" type="stmt" count="0"/>
        <line num="176" type="stmt" count="0"/>
        <line num="177" type="stmt" count="0"/>
        <line num="180" type="stmt" count="0"/>
        <line num="189" type="method" name="shouldShowDropdown" visibility="public" complexity="1" crap="1" count="1"/>
        <line num="191" type="stmt" count="1"/>
        <line num="200" type="method" name="render" visibility="public" complexity="1" crap="1" count="1"/>
        <line num="202" type="stmt" count="1"/>
        <metrics loc="205" ncloc="115" classes="1" methods="10" coveredmethods="3" conditionals="0" coveredconditionals="0" statements="19" coveredstatements="7" elements="29" coveredelements="10"/>
      </file>
      <file name="/Users/jacobmartella/Desktop/ArtisanPack UI Packages/livewire-ui-components/src/View/Components/Text.php">
        <class name="ArtisanPack\LivewireUiComponents\View\Components\Text" namespace="ArtisanPack\LivewireUiComponents\View\Components">
          <metrics complexity="12" methods="5" coveredmethods="2" conditionals="0" coveredconditionals="0" statements="13" coveredstatements="9" elements="18" coveredelements="11"/>
        </class>
        <line num="53" type="method" name="__construct" visibility="public" complexity="1" crap="1" count="12"/>
        <line num="64" type="stmt" count="12"/>
        <line num="73" type="method" name="fontWeightClass" visibility="public" complexity="4" crap="5.02" count="1"/>
        <line num="75" type="stmt" count="1"/>
        <line num="76" type="stmt" count="0"/>
        <line num="79" type="stmt" count="1"/>
        <line num="80" type="stmt" count="0"/>
        <line num="83" type="stmt" count="1"/>
        <line num="92" type="method" name="colorClass" visibility="public" complexity="3" crap="3.33" count="1"/>
        <line num="94" type="stmt" count="1"/>
        <line num="95" type="stmt" count="0"/>
        <line num="98" type="stmt" count="1"/>
        <line num="107" type="method" name="sizeClass" visibility="public" complexity="3" crap="3.33" count="1"/>
        <line num="109" type="stmt" count="1"/>
        <line num="110" type="stmt" count="0"/>
        <line num="113" type="stmt" count="1"/>
        <line num="122" type="method" name="render" visibility="public" complexity="1" crap="1" count="1"/>
        <line num="124" type="stmt" count="1"/>
        <metrics loc="127" ncloc="63" classes="1" methods="5" coveredmethods="2" conditionals="0" coveredconditionals="0" statements="13" coveredstatements="9" elements="18" coveredelements="11"/>
      </file>
      <file name="/Users/jacobmartella/Desktop/ArtisanPack UI Packages/livewire-ui-components/src/View/Components/Textarea.php">
        <class name="ArtisanPack\LivewireUiComponents\View\Components\Textarea" namespace="ArtisanPack\LivewireUiComponents\View\Components">
          <metrics complexity="4" methods="4" coveredmethods="2" conditionals="0" coveredconditionals="0" statements="4" coveredstatements="2" elements="8" coveredelements="4"/>
        </class>
        <line num="55" type="method" name="__construct" visibility="public" complexity="1" crap="1" count="7"/>
        <line num="68" type="stmt" count="7"/>
        <line num="77" type="method" name="modelName" visibility="public" complexity="1" crap="2" count="0"/>
        <line num="79" type="stmt" count="0"/>
        <line num="88" type="method" name="errorFieldName" visibility="public" complexity="1" crap="2" count="0"/>
        <line num="90" type="stmt" count="0"/>
        <line num="99" type="method" name="render" visibility="public" complexity="1" crap="1" count="1"/>
        <line num="101" type="stmt" count="1"/>
        <metrics loc="104" ncloc="44" classes="1" methods="4" coveredmethods="2" conditionals="0" coveredconditionals="0" statements="4" coveredstatements="2" elements="8" coveredelements="4"/>
      </file>
      <file name="/Users/jacobmartella/Desktop/ArtisanPack UI Packages/livewire-ui-components/src/View/Components/ThemeToggle.php">
        <class name="ArtisanPack\LivewireUiComponents\View\Components\ThemeToggle" namespace="ArtisanPack\LivewireUiComponents\View\Components">
          <metrics complexity="2" methods="2" coveredmethods="2" conditionals="0" coveredconditionals="0" statements="2" coveredstatements="2" elements="4" coveredelements="4"/>
        </class>
        <line num="35" type="method" name="__construct" visibility="public" complexity="1" crap="1" count="7"/>
        <line num="47" type="stmt" count="7"/>
        <line num="50" type="method" name="render" visibility="public" complexity="1" crap="1" count="1"/>
        <line num="52" type="stmt" count="1"/>
        <metrics loc="55" ncloc="34" classes="1" methods="2" coveredmethods="2" conditionals="0" coveredconditionals="0" statements="2" coveredstatements="2" elements="4" coveredelements="4"/>
      </file>
      <file name="/Users/jacobmartella/Desktop/ArtisanPack UI Packages/livewire-ui-components/src/View/Components/TimelineItem.php">
        <class name="ArtisanPack\LivewireUiComponents\View\Components\TimelineItem" namespace="ArtisanPack\LivewireUiComponents\View\Components">
          <metrics complexity="2" methods="2" coveredmethods="1" conditionals="0" coveredconditionals="0" statements="2" coveredstatements="1" elements="4" coveredelements="2"/>
        </class>
        <line num="35" type="method" name="__construct" visibility="public" complexity="1" crap="1" count="1"/>
        <line num="46" type="stmt" count="1"/>
        <line num="49" type="method" name="render" visibility="public" complexity="1" crap="2" count="0"/>
        <line num="51" type="stmt" count="0"/>
        <metrics loc="54" ncloc="33" classes="1" methods="2" coveredmethods="1" conditionals="0" coveredconditionals="0" statements="2" coveredstatements="1" elements="4" coveredelements="2"/>
      </file>
      <file name="/Users/jacobmartella/Desktop/ArtisanPack UI Packages/livewire-ui-components/src/View/Components/Toast.php">
        <class name="ArtisanPack\LivewireUiComponents\View\Components\Toast" namespace="ArtisanPack\LivewireUiComponents\View\Components">
          <metrics complexity="4" methods="3" coveredmethods="2" conditionals="0" coveredconditionals="0" statements="11" coveredstatements="4" elements="14" coveredelements="6"/>
        </class>
        <line num="34" type="method" name="__construct" visibility="public" complexity="1" crap="1" count="6"/>
        <line num="39" type="stmt" count="6"/>
        <line num="47" type="method" name="getColorClasses" visibility="public" complexity="2" crap="3.88" count="1"/>
        <line num="49" type="stmt" count="1"/>
        <line num="50" type="stmt" count="1"/>
        <line num="53" type="stmt" count="0"/>
        <line num="56" type="stmt" count="0"/>
        <line num="57" type="stmt" count="0"/>
        <line num="58" type="stmt" count="0"/>
        <line num="59" type="stmt" count="0"/>
        <line num="60" type="stmt" count="0"/>
        <line num="62" type="stmt" count="0"/>
        <line num="65" type="method" name="render" visibility="public" complexity="1" crap="1" count="1"/>
        <line num="67" type="stmt" count="1"/>
        <metrics loc="70" ncloc="42" classes="1" methods="3" coveredmethods="2" conditionals="0" coveredconditionals="0" statements="11" coveredstatements="4" elements="14" coveredelements="6"/>
      </file>
      <file name="/Users/jacobmartella/Desktop/ArtisanPack UI Packages/livewire-ui-components/src/View/Components/Toggle.php">
        <class name="ArtisanPack\LivewireUiComponents\View\Components\Toggle" namespace="ArtisanPack\LivewireUiComponents\View\Components">
          <metrics complexity="4" methods="4" coveredmethods="2" conditionals="0" coveredconditionals="0" statements="4" coveredstatements="2" elements="8" coveredelements="4"/>
        </class>
        <line num="36" type="method" name="__construct" visibility="public" complexity="1" crap="1" count="7"/>
        <line num="49" type="stmt" count="7"/>
        <line num="52" type="method" name="modelName" visibility="public" complexity="1" crap="2" count="0"/>
        <line num="54" type="stmt" count="0"/>
        <line num="57" type="method" name="errorFieldName" visibility="public" complexity="1" crap="2" count="0"/>
        <line num="59" type="stmt" count="0"/>
        <line num="62" type="method" name="render" visibility="public" complexity="1" crap="1" count="1"/>
        <line num="64" type="stmt" count="1"/>
        <metrics loc="67" ncloc="45" classes="1" methods="4" coveredmethods="2" conditionals="0" coveredconditionals="0" statements="4" coveredstatements="2" elements="8" coveredelements="4"/>
      </file>
    </package>
    <metrics files="89" loc="10169" ncloc="6581" classes="89" methods="392" coveredmethods="174" conditionals="0" coveredconditionals="0" statements="1898" coveredstatements="769" elements="2290" coveredelements="943"/>
  </project>
</coverage>
