<?xml version="1.0" encoding="UTF-8"?>
<!DOCTYPE coverage SYSTEM "http://cobertura.sourceforge.net/xml/coverage-04.dtd">
<coverage line-rate="0.40516332982086" branch-rate="0" lines-covered="769" lines-valid="1898" branches-covered="0" branches-valid="0" complexity="805" version="0.4" timestamp="1762460671">
  <sources>
    <source>/Users/jacobmartella/Desktop/ArtisanPack UI Packages/livewire-ui-components/src</source>
  </sources>
  <packages>
    <package name="Console/Commands/GenerateThemeCss.php" line-rate="0" branch-rate="0" complexity="4">
      <classes>
        <class name="ArtisanPack\LivewireUiComponents\Console\Commands\GenerateThemeCss" filename="Console/Commands/GenerateThemeCss.php" line-rate="0" branch-rate="0" complexity="4">
          <methods>
            <method name="handle" signature="ArtisanPack\LivewireUiComponents\Styling\ColorGenerator $colorGenerator" line-rate="0" branch-rate="0" complexity="4">
              <lines>
                <line number="54" hits="0"/>
                <line number="55" hits="0"/>
                <line number="56" hits="0"/>
                <line number="58" hits="0"/>
                <line number="61" hits="0"/>
                <line number="64" hits="0"/>
                <line number="66" hits="0"/>
                <line number="67" hits="0"/>
                <line number="68" hits="0"/>
                <line number="71" hits="0"/>
                <line number="74" hits="0"/>
                <line number="75" hits="0"/>
                <line number="78" hits="0"/>
                <line number="80" hits="0"/>
                <line number="81" hits="0"/>
                <line number="82" hits="0"/>
                <line number="84" hits="0"/>
                <line number="85" hits="0"/>
                <line number="86" hits="0"/>
                <line number="87" hits="0"/>
                <line number="90" hits="0"/>
              </lines>
            </method>
          </methods>
          <lines>
            <line number="54" hits="0"/>
            <line number="55" hits="0"/>
            <line number="56" hits="0"/>
            <line number="58" hits="0"/>
            <line number="61" hits="0"/>
            <line number="64" hits="0"/>
            <line number="66" hits="0"/>
            <line number="67" hits="0"/>
            <line number="68" hits="0"/>
            <line number="71" hits="0"/>
            <line number="74" hits="0"/>
            <line number="75" hits="0"/>
            <line number="78" hits="0"/>
            <line number="80" hits="0"/>
            <line number="81" hits="0"/>
            <line number="82" hits="0"/>
            <line number="84" hits="0"/>
            <line number="85" hits="0"/>
            <line number="86" hits="0"/>
            <line number="87" hits="0"/>
            <line number="90" hits="0"/>
          </lines>
        </class>
      </classes>
    </package>
    <package name="Console/Commands/LivewireUiComponentsBootcampCommand.php" line-rate="0" branch-rate="0" complexity="4">
      <classes>
        <class name="ArtisanPack\LivewireUiComponents\Console\Commands\LivewireUiComponentsBootcampCommand" filename="Console/Commands/LivewireUiComponentsBootcampCommand.php" line-rate="0" branch-rate="0" complexity="4">
          <methods>
            <method name="handle" signature="" line-rate="0" branch-rate="0" complexity="2">
              <lines>
                <line number="65" hits="0"/>
                <line number="67" hits="0"/>
                <line number="70" hits="0"/>
                <line number="71" hits="0"/>
                <line number="73" hits="0"/>
                <line number="77" hits="0"/>
                <line number="79" hits="0"/>
                <line number="80" hits="0"/>
                <line number="81" hits="0"/>
                <line number="84" hits="0"/>
                <line number="85" hits="0"/>
                <line number="87" hits="0"/>
                <line number="88" hits="0"/>
                <line number="89" hits="0"/>
                <line number="90" hits="0"/>
                <line number="91" hits="0"/>
                <line number="92" hits="0"/>
                <line number="93" hits="0"/>
                <line number="94" hits="0"/>
                <line number="97" hits="0"/>
                <line number="100" hits="0"/>
                <line number="102" hits="0"/>
              </lines>
            </method>
            <method name="copyFile" signature="string $source, string $destination" line-rate="0" branch-rate="0" complexity="2">
              <lines>
                <line number="116" hits="0"/>
                <line number="117" hits="0"/>
                <line number="119" hits="0"/>
                <line number="120" hits="0"/>
              </lines>
            </method>
          </methods>
          <lines>
            <line number="65" hits="0"/>
            <line number="67" hits="0"/>
            <line number="70" hits="0"/>
            <line number="71" hits="0"/>
            <line number="73" hits="0"/>
            <line number="77" hits="0"/>
            <line number="79" hits="0"/>
            <line number="80" hits="0"/>
            <line number="81" hits="0"/>
            <line number="84" hits="0"/>
            <line number="85" hits="0"/>
            <line number="87" hits="0"/>
            <line number="88" hits="0"/>
            <line number="89" hits="0"/>
            <line number="90" hits="0"/>
            <line number="91" hits="0"/>
            <line number="92" hits="0"/>
            <line number="93" hits="0"/>
            <line number="94" hits="0"/>
            <line number="97" hits="0"/>
            <line number="100" hits="0"/>
            <line number="102" hits="0"/>
            <line number="116" hits="0"/>
            <line number="117" hits="0"/>
            <line number="119" hits="0"/>
            <line number="120" hits="0"/>
          </lines>
        </class>
      </classes>
    </package>
    <package name="Console/Commands/LivewireUiComponentsInstallCommand.php" line-rate="0" branch-rate="0" complexity="25">
      <classes>
        <class name="ArtisanPack\LivewireUiComponents\Console\Commands\LivewireUiComponentsInstallCommand" filename="Console/Commands/LivewireUiComponentsInstallCommand.php" line-rate="0" branch-rate="0" complexity="25">
          <methods>
            <method name="handle" signature="" line-rate="0" branch-rate="0" complexity="1">
              <lines>
                <line number="71" hits="0"/>
                <line number="74" hits="0"/>
                <line number="77" hits="0"/>
                <line number="80" hits="0"/>
                <line number="83" hits="0"/>
                <line number="86" hits="0"/>
                <line number="89" hits="0"/>
                <line number="92" hits="0"/>
                <line number="95" hits="0"/>
                <line number="97" hits="0"/>
                <line number="98" hits="0"/>
                <line number="99" hits="0"/>
                <line number="100" hits="0"/>
              </lines>
            </method>
            <method name="installLivewire" signature="string $shouldInstallVolt" line-rate="0" branch-rate="0" complexity="2">
              <lines>
                <line number="112" hits="0"/>
                <line number="114" hits="0"/>
                <line number="115" hits="0"/>
                <line number="116" hits="0"/>
                <line number="118" hits="0"/>
                <line number="119" hits="0"/>
                <line number="120" hits="0"/>
              </lines>
            </method>
            <method name="setupTailwindDaisy" signature="string $packageManagerCommand" line-rate="0" branch-rate="0" complexity="1">
              <lines>
                <line number="137" hits="0"/>
                <line number="139" hits="0"/>
                <line number="140" hits="0"/>
                <line number="141" hits="0"/>
                <line number="146" hits="0"/>
                <line number="147" hits="0"/>
                <line number="149" hits="0"/>
                <line number="180" hits="0"/>
                <line number="182" hits="0"/>
                <line number="184" hits="0"/>
              </lines>
            </method>
            <method name="renameComponents" signature="" line-rate="0" branch-rate="0" complexity="2">
              <lines>
                <line number="198" hits="0"/>
                <line number="200" hits="0"/>
                <line number="201" hits="0"/>
                <line number="202" hits="0"/>
                <line number="204" hits="0"/>
                <line number="205" hits="0"/>
                <line number="206" hits="0"/>
                <line number="207" hits="0"/>
                <line number="209" hits="0"/>
                <line number="210" hits="0"/>
                <line number="211" hits="0"/>
                <line number="212" hits="0"/>
                <line number="213" hits="0"/>
                <line number="214" hits="0"/>
                <line number="215" hits="0"/>
                <line number="217" hits="0"/>
              </lines>
            </method>
            <method name="copyStubs" signature="string $shouldInstallVolt" line-rate="0" branch-rate="0" complexity="5">
              <lines>
                <line number="232" hits="0"/>
                <line number="233" hits="0"/>
                <line number="235" hits="0"/>
                <line number="236" hits="0"/>
                <line number="237" hits="0"/>
                <line number="238" hits="0"/>
                <line number="240" hits="0"/>
                <line number="243" hits="0"/>
                <line number="245" hits="0"/>
                <line number="246" hits="0"/>
                <line number="247" hits="0"/>
                <line number="248" hits="0"/>
                <line number="249" hits="0"/>
                <line number="252" hits="0"/>
                <line number="253" hits="0"/>
                <line number="256" hits="0"/>
                <line number="257" hits="0"/>
                <line number="260" hits="0"/>
                <line number="263" hits="0"/>
                <line number="264" hits="0"/>
                <line number="265" hits="0"/>
                <line number="266" hits="0"/>
                <line number="268" hits="0"/>
                <line number="269" hits="0"/>
                <line number="270" hits="0"/>
                <line number="271" hits="0"/>
              </lines>
            </method>
            <method name="askForPackageInstaller" signature="" line-rate="0" branch-rate="0" complexity="7">
              <lines>
                <line number="286" hits="0"/>
                <line number="287" hits="0"/>
                <line number="289" hits="0"/>
                <line number="290" hits="0"/>
                <line number="291" hits="0"/>
                <line number="292" hits="0"/>
                <line number="294" hits="0"/>
                <line number="296" hits="0"/>
                <line number="297" hits="0"/>
                <line number="300" hits="0"/>
                <line number="301" hits="0"/>
                <line number="304" hits="0"/>
                <line number="305" hits="0"/>
                <line number="308" hits="0"/>
                <line number="309" hits="0"/>
                <line number="312" hits="0"/>
                <line number="313" hits="0"/>
                <line number="315" hits="0"/>
                <line number="318" hits="0"/>
                <line number="319" hits="0"/>
                <line number="320" hits="0"/>
                <line number="321" hits="0"/>
              </lines>
            </method>
            <method name="askForVolt" signature="" line-rate="0" branch-rate="0" complexity="1">
              <lines>
                <line number="334" hits="0"/>
                <line number="335" hits="0"/>
                <line number="336" hits="0"/>
                <line number="337" hits="0"/>
                <line number="338" hits="0"/>
              </lines>
            </method>
            <method name="checkForLaravelVersion" signature="" line-rate="0" branch-rate="0" complexity="2">
              <lines>
                <line number="351" hits="0"/>
                <line number="352" hits="0"/>
                <line number="354" hits="0"/>
              </lines>
            </method>
            <method name="createDirectoryIfNotExists" signature="string $path" line-rate="0" branch-rate="0" complexity="2">
              <lines>
                <line number="367" hits="0"/>
                <line number="368" hits="0"/>
              </lines>
            </method>
            <method name="copyFile" signature="string $source, string $destination" line-rate="0" branch-rate="0" complexity="2">
              <lines>
                <line number="383" hits="0"/>
                <line number="384" hits="0"/>
                <line number="386" hits="0"/>
                <line number="387" hits="0"/>
              </lines>
            </method>
          </methods>
          <lines>
            <line number="71" hits="0"/>
            <line number="74" hits="0"/>
            <line number="77" hits="0"/>
            <line number="80" hits="0"/>
            <line number="83" hits="0"/>
            <line number="86" hits="0"/>
            <line number="89" hits="0"/>
            <line number="92" hits="0"/>
            <line number="95" hits="0"/>
            <line number="97" hits="0"/>
            <line number="98" hits="0"/>
            <line number="99" hits="0"/>
            <line number="100" hits="0"/>
            <line number="112" hits="0"/>
            <line number="114" hits="0"/>
            <line number="115" hits="0"/>
            <line number="116" hits="0"/>
            <line number="118" hits="0"/>
            <line number="119" hits="0"/>
            <line number="120" hits="0"/>
            <line number="137" hits="0"/>
            <line number="139" hits="0"/>
            <line number="140" hits="0"/>
            <line number="141" hits="0"/>
            <line number="146" hits="0"/>
            <line number="147" hits="0"/>
            <line number="149" hits="0"/>
            <line number="180" hits="0"/>
            <line number="182" hits="0"/>
            <line number="184" hits="0"/>
            <line number="198" hits="0"/>
            <line number="200" hits="0"/>
            <line number="201" hits="0"/>
            <line number="202" hits="0"/>
            <line number="204" hits="0"/>
            <line number="205" hits="0"/>
            <line number="206" hits="0"/>
            <line number="207" hits="0"/>
            <line number="209" hits="0"/>
            <line number="210" hits="0"/>
            <line number="211" hits="0"/>
            <line number="212" hits="0"/>
            <line number="213" hits="0"/>
            <line number="214" hits="0"/>
            <line number="215" hits="0"/>
            <line number="217" hits="0"/>
            <line number="232" hits="0"/>
            <line number="233" hits="0"/>
            <line number="235" hits="0"/>
            <line number="236" hits="0"/>
            <line number="237" hits="0"/>
            <line number="238" hits="0"/>
            <line number="240" hits="0"/>
            <line number="243" hits="0"/>
            <line number="245" hits="0"/>
            <line number="246" hits="0"/>
            <line number="247" hits="0"/>
            <line number="248" hits="0"/>
            <line number="249" hits="0"/>
            <line number="252" hits="0"/>
            <line number="253" hits="0"/>
            <line number="256" hits="0"/>
            <line number="257" hits="0"/>
            <line number="260" hits="0"/>
            <line number="263" hits="0"/>
            <line number="264" hits="0"/>
            <line number="265" hits="0"/>
            <line number="266" hits="0"/>
            <line number="268" hits="0"/>
            <line number="269" hits="0"/>
            <line number="270" hits="0"/>
            <line number="271" hits="0"/>
            <line number="286" hits="0"/>
            <line number="287" hits="0"/>
            <line number="289" hits="0"/>
            <line number="290" hits="0"/>
            <line number="291" hits="0"/>
            <line number="292" hits="0"/>
            <line number="294" hits="0"/>
            <line number="296" hits="0"/>
            <line number="297" hits="0"/>
            <line number="300" hits="0"/>
            <line number="301" hits="0"/>
            <line number="304" hits="0"/>
            <line number="305" hits="0"/>
            <line number="308" hits="0"/>
            <line number="309" hits="0"/>
            <line number="312" hits="0"/>
            <line number="313" hits="0"/>
            <line number="315" hits="0"/>
            <line number="318" hits="0"/>
            <line number="319" hits="0"/>
            <line number="320" hits="0"/>
            <line number="321" hits="0"/>
            <line number="334" hits="0"/>
            <line number="335" hits="0"/>
            <line number="336" hits="0"/>
            <line number="337" hits="0"/>
            <line number="338" hits="0"/>
            <line number="351" hits="0"/>
            <line number="352" hits="0"/>
            <line number="354" hits="0"/>
            <line number="367" hits="0"/>
            <line number="368" hits="0"/>
            <line number="383" hits="0"/>
            <line number="384" hits="0"/>
            <line number="386" hits="0"/>
            <line number="387" hits="0"/>
          </lines>
        </class>
      </classes>
    </package>
    <package name="Exceptions/ToastException.php" line-rate="0" branch-rate="0" complexity="8">
      <classes>
        <class name="ArtisanPack\LivewireUiComponents\Exceptions\ToastException" filename="Exceptions/ToastException.php" line-rate="0" branch-rate="0" complexity="8">
          <methods>
            <method name="typedMessage" signature="string $type, string $title, string $description, string $position, string $icon, string $css, int $timeout" line-rate="0" branch-rate="0" complexity="1">
              <lines>
                <line number="111" hits="0"/>
                <line number="113" hits="0"/>
                <line number="114" hits="0"/>
                <line number="115" hits="0"/>
                <line number="116" hits="0"/>
                <line number="117" hits="0"/>
                <line number="118" hits="0"/>
                <line number="119" hits="0"/>
                <line number="121" hits="0"/>
              </lines>
            </method>
            <method name="info" signature="string $title, string $description, string $position, string $icon, string $css, int $timeout" line-rate="0" branch-rate="0" complexity="1">
              <lines>
                <line number="144" hits="0"/>
                <line number="145" hits="0"/>
                <line number="146" hits="0"/>
                <line number="147" hits="0"/>
                <line number="148" hits="0"/>
                <line number="149" hits="0"/>
                <line number="150" hits="0"/>
                <line number="151" hits="0"/>
                <line number="152" hits="0"/>
              </lines>
            </method>
            <method name="success" signature="string $title, string $description, string $position, string $icon, string $css, int $timeout" line-rate="0" branch-rate="0" complexity="1">
              <lines>
                <line number="175" hits="0"/>
                <line number="176" hits="0"/>
                <line number="177" hits="0"/>
                <line number="178" hits="0"/>
                <line number="179" hits="0"/>
                <line number="180" hits="0"/>
                <line number="181" hits="0"/>
                <line number="182" hits="0"/>
                <line number="183" hits="0"/>
              </lines>
            </method>
            <method name="error" signature="string $title, string $description, string $position, string $icon, string $css, int $timeout" line-rate="0" branch-rate="0" complexity="1">
              <lines>
                <line number="206" hits="0"/>
                <line number="207" hits="0"/>
                <line number="208" hits="0"/>
                <line number="209" hits="0"/>
                <line number="210" hits="0"/>
                <line number="211" hits="0"/>
                <line number="212" hits="0"/>
                <line number="213" hits="0"/>
                <line number="214" hits="0"/>
              </lines>
            </method>
            <method name="warning" signature="string $title, string $description, string $position, string $icon, string $css, int $timeout" line-rate="0" branch-rate="0" complexity="1">
              <lines>
                <line number="237" hits="0"/>
                <line number="238" hits="0"/>
                <line number="239" hits="0"/>
                <line number="240" hits="0"/>
                <line number="241" hits="0"/>
                <line number="242" hits="0"/>
                <line number="243" hits="0"/>
                <line number="244" hits="0"/>
                <line number="245" hits="0"/>
              </lines>
            </method>
            <method name="permitDefault" signature="" line-rate="0" branch-rate="0" complexity="1">
              <lines>
                <line number="256" hits="0"/>
                <line number="258" hits="0"/>
              </lines>
            </method>
            <method name="render" signature="Illuminate\Http\Request $request" line-rate="0" branch-rate="0" complexity="2">
              <lines>
                <line number="270" hits="0"/>
                <line number="271" hits="0"/>
                <line number="272" hits="0"/>
                <line number="273" hits="0"/>
                <line number="274" hits="0"/>
                <line number="275" hits="0"/>
                <line number="277" hits="0"/>
                <line number="278" hits="0"/>
                <line number="279" hits="0"/>
                <line number="280" hits="0"/>
                <line number="281" hits="0"/>
                <line number="282" hits="0"/>
                <line number="283" hits="0"/>
                <line number="286" hits="0"/>
              </lines>
            </method>
          </methods>
          <lines>
            <line number="111" hits="0"/>
            <line number="113" hits="0"/>
            <line number="114" hits="0"/>
            <line number="115" hits="0"/>
            <line number="116" hits="0"/>
            <line number="117" hits="0"/>
            <line number="118" hits="0"/>
            <line number="119" hits="0"/>
            <line number="121" hits="0"/>
            <line number="144" hits="0"/>
            <line number="145" hits="0"/>
            <line number="146" hits="0"/>
            <line number="147" hits="0"/>
            <line number="148" hits="0"/>
            <line number="149" hits="0"/>
            <line number="150" hits="0"/>
            <line number="151" hits="0"/>
            <line number="152" hits="0"/>
            <line number="175" hits="0"/>
            <line number="176" hits="0"/>
            <line number="177" hits="0"/>
            <line number="178" hits="0"/>
            <line number="179" hits="0"/>
            <line number="180" hits="0"/>
            <line number="181" hits="0"/>
            <line number="182" hits="0"/>
            <line number="183" hits="0"/>
            <line number="206" hits="0"/>
            <line number="207" hits="0"/>
            <line number="208" hits="0"/>
            <line number="209" hits="0"/>
            <line number="210" hits="0"/>
            <line number="211" hits="0"/>
            <line number="212" hits="0"/>
            <line number="213" hits="0"/>
            <line number="214" hits="0"/>
            <line number="237" hits="0"/>
            <line number="238" hits="0"/>
            <line number="239" hits="0"/>
            <line number="240" hits="0"/>
            <line number="241" hits="0"/>
            <line number="242" hits="0"/>
            <line number="243" hits="0"/>
            <line number="244" hits="0"/>
            <line number="245" hits="0"/>
            <line number="256" hits="0"/>
            <line number="258" hits="0"/>
            <line number="270" hits="0"/>
            <line number="271" hits="0"/>
            <line number="272" hits="0"/>
            <line number="273" hits="0"/>
            <line number="274" hits="0"/>
            <line number="275" hits="0"/>
            <line number="277" hits="0"/>
            <line number="278" hits="0"/>
            <line number="279" hits="0"/>
            <line number="280" hits="0"/>
            <line number="281" hits="0"/>
            <line number="282" hits="0"/>
            <line number="283" hits="0"/>
            <line number="286" hits="0"/>
          </lines>
        </class>
      </classes>
    </package>
    <package name="Facades/LivewireUiComponents.php" line-rate="0" branch-rate="0" complexity="1">
      <classes>
        <class name="ArtisanPack\LivewireUiComponents\Facades\LivewireUiComponents" filename="Facades/LivewireUiComponents.php" line-rate="0" branch-rate="0" complexity="1">
          <methods>
            <method name="getFacadeAccessor" signature="" line-rate="0" branch-rate="0" complexity="1">
              <lines>
                <line number="38" hits="0"/>
              </lines>
            </method>
          </methods>
          <lines>
            <line number="38" hits="0"/>
          </lines>
        </class>
      </classes>
    </package>
    <package name="LivewireUiComponents.php" line-rate="0" branch-rate="0" complexity="1">
      <classes>
        <class name="ArtisanPack\LivewireUiComponents\LivewireUiComponents" filename="LivewireUiComponents.php" line-rate="0" branch-rate="0" complexity="1">
          <methods>
            <method name="hello" signature="" line-rate="0" branch-rate="0" complexity="1">
              <lines>
                <line number="35" hits="0"/>
              </lines>
            </method>
          </methods>
          <lines>
            <line number="35" hits="0"/>
          </lines>
        </class>
      </classes>
    </package>
    <package name="LivewireUiComponentsServiceProvider.php" line-rate="0.9037037037037" branch-rate="0" complexity="10">
      <classes>
        <class name="ArtisanPack\LivewireUiComponents\LivewireUiComponentsServiceProvider" filename="LivewireUiComponentsServiceProvider.php" line-rate="0.9037037037037" branch-rate="0" complexity="10">
          <methods>
            <method name="boot" signature="" line-rate="1" branch-rate="0" complexity="3">
              <lines>
                <line number="127" hits="630"/>
                <line number="129" hits="630"/>
                <line number="131" hits="630"/>
                <line number="132" hits="630"/>
                <line number="133" hits="630"/>
                <line number="136" hits="630"/>
                <line number="137" hits="630"/>
                <line number="138" hits="630"/>
                <line number="140" hits="630"/>
                <line number="142" hits="630"/>
                <line number="143" hits="630"/>
                <line number="144" hits="630"/>
                <line number="145" hits="630"/>
                <line number="148" hits="630"/>
                <line number="149" hits="630"/>
              </lines>
            </method>
            <method name="registerComponents" signature="" line-rate="1" branch-rate="0" complexity="1">
              <lines>
                <line number="165" hits="630"/>
                <line number="167" hits="630"/>
                <line number="172" hits="630"/>
                <line number="173" hits="630"/>
                <line number="174" hits="630"/>
                <line number="175" hits="630"/>
                <line number="176" hits="630"/>
                <line number="177" hits="630"/>
                <line number="178" hits="630"/>
                <line number="179" hits="630"/>
                <line number="180" hits="630"/>
                <line number="181" hits="630"/>
                <line number="184" hits="630"/>
                <line number="185" hits="630"/>
                <line number="186" hits="630"/>
                <line number="187" hits="630"/>
                <line number="188" hits="630"/>
                <line number="189" hits="630"/>
                <line number="190" hits="630"/>
                <line number="191" hits="630"/>
                <line number="192" hits="630"/>
                <line number="193" hits="630"/>
                <line number="194" hits="630"/>
                <line number="195" hits="630"/>
                <line number="196" hits="630"/>
                <line number="197" hits="630"/>
                <line number="198" hits="630"/>
                <line number="199" hits="630"/>
                <line number="200" hits="630"/>
                <line number="201" hits="630"/>
                <line number="202" hits="630"/>
                <line number="203" hits="630"/>
                <line number="204" hits="630"/>
                <line number="205" hits="630"/>
                <line number="206" hits="630"/>
                <line number="207" hits="630"/>
                <line number="208" hits="630"/>
                <line number="209" hits="630"/>
                <line number="210" hits="630"/>
                <line number="211" hits="630"/>
                <line number="212" hits="630"/>
                <line number="213" hits="630"/>
                <line number="214" hits="630"/>
                <line number="215" hits="630"/>
                <line number="216" hits="630"/>
                <line number="217" hits="630"/>
                <line number="218" hits="630"/>
                <line number="219" hits="630"/>
                <line number="220" hits="630"/>
                <line number="221" hits="630"/>
                <line number="222" hits="630"/>
                <line number="223" hits="630"/>
                <line number="224" hits="630"/>
                <line number="225" hits="630"/>
                <line number="226" hits="630"/>
                <line number="227" hits="630"/>
                <line number="228" hits="630"/>
                <line number="229" hits="630"/>
                <line number="230" hits="630"/>
                <line number="231" hits="630"/>
                <line number="232" hits="630"/>
                <line number="233" hits="630"/>
                <line number="234" hits="630"/>
                <line number="235" hits="630"/>
                <line number="236" hits="630"/>
                <line number="237" hits="630"/>
                <line number="238" hits="630"/>
                <line number="239" hits="630"/>
                <line number="240" hits="630"/>
                <line number="241" hits="630"/>
                <line number="242" hits="630"/>
                <line number="243" hits="630"/>
                <line number="244" hits="630"/>
                <line number="245" hits="630"/>
                <line number="246" hits="630"/>
                <line number="247" hits="630"/>
                <line number="248" hits="630"/>
                <line number="249" hits="630"/>
                <line number="250" hits="630"/>
                <line number="251" hits="630"/>
                <line number="252" hits="630"/>
                <line number="253" hits="630"/>
                <line number="254" hits="630"/>
                <line number="255" hits="630"/>
                <line number="256" hits="630"/>
                <line number="257" hits="630"/>
                <line number="258" hits="630"/>
                <line number="259" hits="630"/>
                <line number="260" hits="630"/>
                <line number="263" hits="630"/>
                <line number="264" hits="630"/>
              </lines>
            </method>
            <method name="registerBladeDirectives" signature="" line-rate="1" branch-rate="0" complexity="1">
              <lines>
                <line number="275" hits="630"/>
              </lines>
            </method>
            <method name="registerScopeDirective" signature="" line-rate="0.26666666666667" branch-rate="0" complexity="1">
              <lines>
                <line number="292" hits="630"/>
                <line number="294" hits="0"/>
                <line number="295" hits="0"/>
                <line number="297" hits="0"/>
                <line number="300" hits="0"/>
                <line number="301" hits="0"/>
                <line number="302" hits="0"/>
                <line number="303" hits="0"/>
                <line number="304" hits="0"/>
                <line number="312" hits="0"/>
                <line number="314" hits="0"/>
                <line number="315" hits="630"/>
                <line number="317" hits="630"/>
                <line number="318" hits="0"/>
                <line number="319" hits="630"/>
              </lines>
            </method>
            <method name="register" signature="" line-rate="0.75" branch-rate="0" complexity="1">
              <lines>
                <line number="333" hits="630"/>
                <line number="336" hits="630"/>
                <line number="337" hits="0"/>
                <line number="338" hits="630"/>
              </lines>
            </method>
            <method name="provides" signature="" line-rate="0" branch-rate="0" complexity="1">
              <lines>
                <line number="349" hits="0"/>
              </lines>
            </method>
            <method name="bootForConsole" signature="" line-rate="1" branch-rate="0" complexity="1">
              <lines>
                <line number="364" hits="630"/>
                <line number="365" hits="630"/>
                <line number="366" hits="630"/>
                <line number="368" hits="630"/>
              </lines>
            </method>
            <method name="mergeConfiguration" signature="" line-rate="1" branch-rate="0" complexity="1">
              <lines>
                <line number="383" hits="630"/>
                <line number="386" hits="630"/>
                <line number="389" hits="630"/>
                <line number="392" hits="630"/>
              </lines>
            </method>
          </methods>
          <lines>
            <line number="127" hits="630"/>
            <line number="129" hits="630"/>
            <line number="131" hits="630"/>
            <line number="132" hits="630"/>
            <line number="133" hits="630"/>
            <line number="136" hits="630"/>
            <line number="137" hits="630"/>
            <line number="138" hits="630"/>
            <line number="140" hits="630"/>
            <line number="142" hits="630"/>
            <line number="143" hits="630"/>
            <line number="144" hits="630"/>
            <line number="145" hits="630"/>
            <line number="148" hits="630"/>
            <line number="149" hits="630"/>
            <line number="165" hits="630"/>
            <line number="167" hits="630"/>
            <line number="172" hits="630"/>
            <line number="173" hits="630"/>
            <line number="174" hits="630"/>
            <line number="175" hits="630"/>
            <line number="176" hits="630"/>
            <line number="177" hits="630"/>
            <line number="178" hits="630"/>
            <line number="179" hits="630"/>
            <line number="180" hits="630"/>
            <line number="181" hits="630"/>
            <line number="184" hits="630"/>
            <line number="185" hits="630"/>
            <line number="186" hits="630"/>
            <line number="187" hits="630"/>
            <line number="188" hits="630"/>
            <line number="189" hits="630"/>
            <line number="190" hits="630"/>
            <line number="191" hits="630"/>
            <line number="192" hits="630"/>
            <line number="193" hits="630"/>
            <line number="194" hits="630"/>
            <line number="195" hits="630"/>
            <line number="196" hits="630"/>
            <line number="197" hits="630"/>
            <line number="198" hits="630"/>
            <line number="199" hits="630"/>
            <line number="200" hits="630"/>
            <line number="201" hits="630"/>
            <line number="202" hits="630"/>
            <line number="203" hits="630"/>
            <line number="204" hits="630"/>
            <line number="205" hits="630"/>
            <line number="206" hits="630"/>
            <line number="207" hits="630"/>
            <line number="208" hits="630"/>
            <line number="209" hits="630"/>
            <line number="210" hits="630"/>
            <line number="211" hits="630"/>
            <line number="212" hits="630"/>
            <line number="213" hits="630"/>
            <line number="214" hits="630"/>
            <line number="215" hits="630"/>
            <line number="216" hits="630"/>
            <line number="217" hits="630"/>
            <line number="218" hits="630"/>
            <line number="219" hits="630"/>
            <line number="220" hits="630"/>
            <line number="221" hits="630"/>
            <line number="222" hits="630"/>
            <line number="223" hits="630"/>
            <line number="224" hits="630"/>
            <line number="225" hits="630"/>
            <line number="226" hits="630"/>
            <line number="227" hits="630"/>
            <line number="228" hits="630"/>
            <line number="229" hits="630"/>
            <line number="230" hits="630"/>
            <line number="231" hits="630"/>
            <line number="232" hits="630"/>
            <line number="233" hits="630"/>
            <line number="234" hits="630"/>
            <line number="235" hits="630"/>
            <line number="236" hits="630"/>
            <line number="237" hits="630"/>
            <line number="238" hits="630"/>
            <line number="239" hits="630"/>
            <line number="240" hits="630"/>
            <line number="241" hits="630"/>
            <line number="242" hits="630"/>
            <line number="243" hits="630"/>
            <line number="244" hits="630"/>
            <line number="245" hits="630"/>
            <line number="246" hits="630"/>
            <line number="247" hits="630"/>
            <line number="248" hits="630"/>
            <line number="249" hits="630"/>
            <line number="250" hits="630"/>
            <line number="251" hits="630"/>
            <line number="252" hits="630"/>
            <line number="253" hits="630"/>
            <line number="254" hits="630"/>
            <line number="255" hits="630"/>
            <line number="256" hits="630"/>
            <line number="257" hits="630"/>
            <line number="258" hits="630"/>
            <line number="259" hits="630"/>
            <line number="260" hits="630"/>
            <line number="263" hits="630"/>
            <line number="264" hits="630"/>
            <line number="275" hits="630"/>
            <line number="292" hits="630"/>
            <line number="294" hits="0"/>
            <line number="295" hits="0"/>
            <line number="297" hits="0"/>
            <line number="300" hits="0"/>
            <line number="301" hits="0"/>
            <line number="302" hits="0"/>
            <line number="303" hits="0"/>
            <line number="304" hits="0"/>
            <line number="312" hits="0"/>
            <line number="314" hits="0"/>
            <line number="315" hits="630"/>
            <line number="317" hits="630"/>
            <line number="318" hits="0"/>
            <line number="319" hits="630"/>
            <line number="333" hits="630"/>
            <line number="336" hits="630"/>
            <line number="337" hits="0"/>
            <line number="338" hits="630"/>
            <line number="349" hits="0"/>
            <line number="364" hits="630"/>
            <line number="365" hits="630"/>
            <line number="366" hits="630"/>
            <line number="368" hits="630"/>
            <line number="383" hits="630"/>
            <line number="386" hits="630"/>
            <line number="389" hits="630"/>
            <line number="392" hits="630"/>
          </lines>
        </class>
      </classes>
    </package>
    <package name="Styling/ColorGenerator.php" line-rate="0.36385542168675" branch-rate="0" complexity="85">
      <classes>
        <class name="ArtisanPack\LivewireUiComponents\Styling\ColorGenerator" filename="Styling/ColorGenerator.php" line-rate="0.36385542168675" branch-rate="0" complexity="85">
          <methods>
            <method name="getBaseColor" signature="string $colorInput" line-rate="0" branch-rate="0" complexity="3">
              <lines>
                <line number="224" hits="0"/>
                <line number="225" hits="0"/>
                <line number="228" hits="0"/>
                <line number="229" hits="0"/>
                <line number="230" hits="0"/>
                <line number="233" hits="0"/>
              </lines>
            </method>
            <method name="generateTailwindShades" signature="string $baseHex" line-rate="0" branch-rate="0" complexity="5">
              <lines>
                <line number="248" hits="0"/>
                <line number="250" hits="0"/>
                <line number="252" hits="0"/>
                <line number="253" hits="0"/>
                <line number="254" hits="0"/>
                <line number="255" hits="0"/>
                <line number="257" hits="0"/>
                <line number="261" hits="0"/>
                <line number="262" hits="0"/>
                <line number="263" hits="0"/>
                <line number="267" hits="0"/>
              </lines>
            </method>
            <method name="generateThemeCss" signature="string $primaryColor, string $secondaryColor, string $accentColor" line-rate="0" branch-rate="0" complexity="9">
              <lines>
                <line number="282" hits="0"/>
                <line number="284" hits="0"/>
                <line number="285" hits="0"/>
                <line number="286" hits="0"/>
                <line number="288" hits="0"/>
                <line number="289" hits="0"/>
                <line number="290" hits="0"/>
                <line number="292" hits="0"/>
                <line number="293" hits="0"/>
                <line number="294" hits="0"/>
                <line number="295" hits="0"/>
                <line number="296" hits="0"/>
                <line number="297" hits="0"/>
                <line number="298" hits="0"/>
                <line number="300" hits="0"/>
                <line number="303" hits="0"/>
                <line number="305" hits="0"/>
                <line number="306" hits="0"/>
                <line number="307" hits="0"/>
                <line number="309" hits="0"/>
                <line number="310" hits="0"/>
                <line number="311" hits="0"/>
                <line number="313" hits="0"/>
                <line number="314" hits="0"/>
                <line number="315" hits="0"/>
                <line number="318" hits="0"/>
                <line number="319" hits="0"/>
                <line number="320" hits="0"/>
                <line number="323" hits="0"/>
                <line number="324" hits="0"/>
                <line number="325" hits="0"/>
                <line number="328" hits="0"/>
                <line number="331" hits="0"/>
                <line number="332" hits="0"/>
                <line number="333" hits="0"/>
                <line number="334" hits="0"/>
                <line number="336" hits="0"/>
                <line number="339" hits="0"/>
                <line number="341" hits="0"/>
                <line number="342" hits="0"/>
                <line number="343" hits="0"/>
                <line number="344" hits="0"/>
                <line number="345" hits="0"/>
                <line number="347" hits="0"/>
                <line number="350" hits="0"/>
              </lines>
            </method>
            <method name="resolveComponentColor" signature="?string $color, ?string $adjustment, string $component" line-rate="0.38461538461538" branch-rate="0" complexity="7">
              <lines>
                <line number="375" hits="2"/>
                <line number="376" hits="0"/>
                <line number="380" hits="2"/>
                <line number="381" hits="0"/>
                <line number="385" hits="2"/>
                <line number="386" hits="0"/>
                <line number="390" hits="2"/>
                <line number="391" hits="2"/>
                <line number="395" hits="0"/>
                <line number="396" hits="0"/>
                <line number="400" hits="0"/>
                <line number="401" hits="0"/>
                <line number="405" hits="0"/>
              </lines>
            </method>
            <method name="isVariant" signature="string $color" line-rate="1" branch-rate="0" complexity="1">
              <lines>
                <line number="418" hits="2"/>
                <line number="419" hits="2"/>
              </lines>
            </method>
            <method name="isTailwindColorWithIntensity" signature="string $color" line-rate="1" branch-rate="0" complexity="1">
              <lines>
                <line number="432" hits="2"/>
                <line number="433" hits="2"/>
              </lines>
            </method>
            <method name="isTailwindColorName" signature="string $color" line-rate="0" branch-rate="0" complexity="1">
              <lines>
                <line number="446" hits="0"/>
              </lines>
            </method>
            <method name="isHexColor" signature="string $color" line-rate="0" branch-rate="0" complexity="1">
              <lines>
                <line number="459" hits="0"/>
              </lines>
            </method>
            <method name="getVariantClasses" signature="string $variant, ?string $adjustment, string $component" line-rate="0" branch-rate="0" complexity="3">
              <lines>
                <line number="474" hits="0"/>
                <line number="477" hits="0"/>
                <line number="478" hits="0"/>
                <line number="479" hits="0"/>
                <line number="480" hits="0"/>
                <line number="481" hits="0"/>
                <line number="482" hits="0"/>
                <line number="483" hits="0"/>
                <line number="484" hits="0"/>
                <line number="485" hits="0"/>
                <line number="486" hits="0"/>
                <line number="487" hits="0"/>
                <line number="488" hits="0"/>
                <line number="490" hits="0"/>
                <line number="491" hits="0"/>
                <line number="494" hits="0"/>
                <line number="497" hits="0"/>
                <line number="500" hits="0"/>
                <line number="501" hits="0"/>
                <line number="504" hits="0"/>
              </lines>
            </method>
            <method name="addVariantHoverFocusStates" signature="array $classes, string $variant" line-rate="0" branch-rate="0" complexity="8">
              <lines>
                <line number="519" hits="0"/>
                <line number="520" hits="0"/>
                <line number="521" hits="0"/>
                <line number="522" hits="0"/>
                <line number="523" hits="0"/>
                <line number="524" hits="0"/>
                <line number="525" hits="0"/>
                <line number="526" hits="0"/>
                <line number="527" hits="0"/>
                <line number="528" hits="0"/>
                <line number="531" hits="0"/>
                <line number="532" hits="0"/>
                <line number="535" hits="0"/>
                <line number="536" hits="0"/>
                <line number="539" hits="0"/>
                <line number="542" hits="0"/>
                <line number="543" hits="0"/>
                <line number="545" hits="0"/>
                <line number="546" hits="0"/>
                <line number="548" hits="0"/>
                <line number="549" hits="0"/>
                <line number="551" hits="0"/>
                <line number="552" hits="0"/>
                <line number="553" hits="0"/>
                <line number="554" hits="0"/>
                <line number="555" hits="0"/>
                <line number="558" hits="0"/>
                <line number="559" hits="0"/>
                <line number="560" hits="0"/>
                <line number="561" hits="0"/>
                <line number="562" hits="0"/>
              </lines>
            </method>
            <method name="getTailwindClasses" signature="string $colorWithIntensity, ?string $adjustment" line-rate="0.79310344827586" branch-rate="0" complexity="5">
              <lines>
                <line number="577" hits="2"/>
                <line number="580" hits="2"/>
                <line number="582" hits="2"/>
                <line number="584" hits="0"/>
                <line number="585" hits="0"/>
                <line number="586" hits="0"/>
                <line number="587" hits="0"/>
                <line number="588" hits="0"/>
                <line number="591" hits="2"/>
                <line number="594" hits="2"/>
                <line number="595" hits="2"/>
                <line number="596" hits="2"/>
                <line number="598" hits="2"/>
                <line number="599" hits="2"/>
                <line number="600" hits="2"/>
                <line number="601" hits="2"/>
                <line number="604" hits="2"/>
                <line number="605" hits="2"/>
                <line number="607" hits="2"/>
                <line number="608" hits="2"/>
                <line number="610" hits="2"/>
                <line number="611" hits="2"/>
                <line number="612" hits="2"/>
                <line number="615" hits="2"/>
                <line number="616" hits="2"/>
                <line number="617" hits="2"/>
                <line number="621" hits="2"/>
                <line number="622" hits="0"/>
                <line number="625" hits="2"/>
              </lines>
            </method>
            <method name="getHexClasses" signature="string $hex, ?string $adjustment" line-rate="0" branch-rate="0" complexity="4">
              <lines>
                <line number="639" hits="0"/>
                <line number="642" hits="0"/>
                <line number="643" hits="0"/>
                <line number="644" hits="0"/>
                <line number="646" hits="0"/>
                <line number="647" hits="0"/>
                <line number="648" hits="0"/>
                <line number="649" hits="0"/>
                <line number="652" hits="0"/>
                <line number="653" hits="0"/>
                <line number="655" hits="0"/>
                <line number="656" hits="0"/>
                <line number="657" hits="0"/>
                <line number="660" hits="0"/>
                <line number="661" hits="0"/>
                <line number="662" hits="0"/>
                <line number="666" hits="0"/>
                <line number="667" hits="0"/>
                <line number="670" hits="0"/>
              </lines>
            </method>
            <method name="applyVariantAdjustment" signature="array $classes, string $variant, string $adjustment" line-rate="0" branch-rate="0" complexity="2">
              <lines>
                <line number="686" hits="0"/>
                <line number="687" hits="0"/>
                <line number="688" hits="0"/>
                <line number="689" hits="0"/>
                <line number="690" hits="0"/>
                <line number="691" hits="0"/>
                <line number="692" hits="0"/>
                <line number="693" hits="0"/>
                <line number="694" hits="0"/>
                <line number="695" hits="0"/>
                <line number="697" hits="0"/>
                <line number="698" hits="0"/>
                <line number="701" hits="0"/>
                <line number="702" hits="0"/>
              </lines>
            </method>
            <method name="applyTailwindAdjustment" signature="array $classes, string $colorName, int $intensity, string $adjustment" line-rate="0" branch-rate="0" complexity="9">
              <lines>
                <line number="719" hits="0"/>
                <line number="720" hits="0"/>
                <line number="721" hits="0"/>
                <line number="722" hits="0"/>
                <line number="723" hits="0"/>
                <line number="724" hits="0"/>
                <line number="725" hits="0"/>
                <line number="727" hits="0"/>
                <line number="729" hits="0"/>
                <line number="730" hits="0"/>
                <line number="731" hits="0"/>
                <line number="732" hits="0"/>
                <line number="733" hits="0"/>
                <line number="734" hits="0"/>
                <line number="735" hits="0"/>
                <line number="737" hits="0"/>
                <line number="739" hits="0"/>
                <line number="740" hits="0"/>
                <line number="742" hits="0"/>
                <line number="743" hits="0"/>
                <line number="745" hits="0"/>
                <line number="747" hits="0"/>
                <line number="748" hits="0"/>
                <line number="749" hits="0"/>
                <line number="750" hits="0"/>
                <line number="751" hits="0"/>
                <line number="752" hits="0"/>
                <line number="754" hits="0"/>
                <line number="757" hits="0"/>
              </lines>
            </method>
            <method name="applyHexAdjustment" signature="array $classes, string $hex, string $adjustment" line-rate="0" branch-rate="0" complexity="5">
              <lines>
                <line number="773" hits="0"/>
                <line number="774" hits="0"/>
                <line number="775" hits="0"/>
                <line number="776" hits="0"/>
                <line number="778" hits="0"/>
                <line number="779" hits="0"/>
                <line number="780" hits="0"/>
                <line number="781" hits="0"/>
                <line number="783" hits="0"/>
                <line number="784" hits="0"/>
                <line number="785" hits="0"/>
                <line number="786" hits="0"/>
                <line number="788" hits="0"/>
                <line number="789" hits="0"/>
                <line number="790" hits="0"/>
                <line number="791" hits="0"/>
                <line number="794" hits="0"/>
              </lines>
            </method>
            <method name="getContrastingTextClass" signature="string $colorName, int $intensity" line-rate="0" branch-rate="0" complexity="3">
              <lines>
                <line number="809" hits="0"/>
                <line number="811" hits="0"/>
                <line number="812" hits="0"/>
                <line number="816" hits="0"/>
                <line number="817" hits="0"/>
                <line number="820" hits="0"/>
              </lines>
            </method>
            <method name="getContrastingTextForHex" signature="string $hex" line-rate="1" branch-rate="0" complexity="2">
              <lines>
                <line number="834" hits="2"/>
                <line number="835" hits="2"/>
                <line number="836" hits="2"/>
                <line number="837" hits="2"/>
                <line number="839" hits="2"/>
                <line number="841" hits="2"/>
              </lines>
            </method>
            <method name="tailwindColorToHex" signature="string $colorName, int $intensity" line-rate="1" branch-rate="0" complexity="1">
              <lines>
                <line number="855" hits="2"/>
                <line number="856" hits="2"/>
                <line number="857" hits="2"/>
                <line number="858" hits="2"/>
                <line number="859" hits="2"/>
                <line number="860" hits="2"/>
                <line number="861" hits="2"/>
                <line number="862" hits="2"/>
                <line number="863" hits="2"/>
                <line number="864" hits="2"/>
                <line number="865" hits="2"/>
                <line number="866" hits="2"/>
                <line number="867" hits="2"/>
                <line number="868" hits="2"/>
                <line number="869" hits="2"/>
                <line number="870" hits="2"/>
                <line number="871" hits="2"/>
                <line number="872" hits="2"/>
                <line number="873" hits="2"/>
                <line number="874" hits="2"/>
                <line number="875" hits="2"/>
                <line number="876" hits="2"/>
                <line number="877" hits="2"/>
                <line number="878" hits="2"/>
                <line number="879" hits="2"/>
                <line number="880" hits="2"/>
                <line number="881" hits="2"/>
                <line number="882" hits="2"/>
                <line number="883" hits="2"/>
                <line number="884" hits="2"/>
                <line number="885" hits="2"/>
                <line number="886" hits="2"/>
                <line number="887" hits="2"/>
                <line number="888" hits="2"/>
                <line number="889" hits="2"/>
                <line number="890" hits="2"/>
                <line number="891" hits="2"/>
                <line number="892" hits="2"/>
                <line number="893" hits="2"/>
                <line number="894" hits="2"/>
                <line number="895" hits="2"/>
                <line number="896" hits="2"/>
                <line number="897" hits="2"/>
                <line number="898" hits="2"/>
                <line number="899" hits="2"/>
                <line number="900" hits="2"/>
                <line number="901" hits="2"/>
                <line number="902" hits="2"/>
                <line number="903" hits="2"/>
                <line number="904" hits="2"/>
                <line number="905" hits="2"/>
                <line number="906" hits="2"/>
                <line number="907" hits="2"/>
                <line number="908" hits="2"/>
                <line number="909" hits="2"/>
                <line number="910" hits="2"/>
                <line number="911" hits="2"/>
                <line number="912" hits="2"/>
                <line number="913" hits="2"/>
                <line number="914" hits="2"/>
                <line number="915" hits="2"/>
                <line number="916" hits="2"/>
                <line number="917" hits="2"/>
                <line number="918" hits="2"/>
                <line number="919" hits="2"/>
                <line number="920" hits="2"/>
                <line number="921" hits="2"/>
                <line number="922" hits="2"/>
                <line number="923" hits="2"/>
                <line number="924" hits="2"/>
                <line number="925" hits="2"/>
                <line number="926" hits="2"/>
                <line number="927" hits="2"/>
                <line number="928" hits="2"/>
                <line number="929" hits="2"/>
                <line number="930" hits="2"/>
                <line number="931" hits="2"/>
                <line number="932" hits="2"/>
                <line number="933" hits="2"/>
                <line number="934" hits="2"/>
                <line number="935" hits="2"/>
                <line number="936" hits="2"/>
                <line number="937" hits="2"/>
                <line number="938" hits="2"/>
                <line number="939" hits="2"/>
                <line number="940" hits="2"/>
                <line number="941" hits="2"/>
                <line number="942" hits="2"/>
                <line number="943" hits="2"/>
                <line number="944" hits="2"/>
                <line number="945" hits="2"/>
                <line number="946" hits="2"/>
                <line number="947" hits="2"/>
                <line number="948" hits="2"/>
                <line number="949" hits="2"/>
                <line number="950" hits="2"/>
                <line number="951" hits="2"/>
                <line number="952" hits="2"/>
                <line number="953" hits="2"/>
                <line number="954" hits="2"/>
                <line number="955" hits="2"/>
                <line number="956" hits="2"/>
                <line number="957" hits="2"/>
                <line number="958" hits="2"/>
                <line number="959" hits="2"/>
                <line number="960" hits="2"/>
                <line number="961" hits="2"/>
                <line number="962" hits="2"/>
                <line number="963" hits="2"/>
                <line number="964" hits="2"/>
                <line number="965" hits="2"/>
                <line number="966" hits="2"/>
                <line number="968" hits="2"/>
              </lines>
            </method>
            <method name="adjustHexBrightness" signature="string $hex, float $percent" line-rate="0" branch-rate="0" complexity="1">
              <lines>
                <line number="982" hits="0"/>
                <line number="984" hits="0"/>
                <line number="985" hits="0"/>
                <line number="986" hits="0"/>
                <line number="988" hits="0"/>
                <line number="989" hits="0"/>
                <line number="990" hits="0"/>
                <line number="992" hits="0"/>
              </lines>
            </method>
            <method name="resolveDatePickerColors" signature="string $color, ?string $adjustment" line-rate="0" branch-rate="0" complexity="7">
              <lines>
                <line number="1006" hits="0"/>
                <line number="1007" hits="0"/>
                <line number="1010" hits="0"/>
                <line number="1011" hits="0"/>
                <line number="1012" hits="0"/>
                <line number="1013" hits="0"/>
                <line number="1014" hits="0"/>
                <line number="1015" hits="0"/>
                <line number="1016" hits="0"/>
                <line number="1017" hits="0"/>
                <line number="1020" hits="0"/>
                <line number="1021" hits="0"/>
                <line number="1025" hits="0"/>
                <line number="1028" hits="0"/>
                <line number="1029" hits="0"/>
                <line number="1033" hits="0"/>
                <line number="1034" hits="0"/>
                <line number="1035" hits="0"/>
                <line number="1036" hits="0"/>
                <line number="1039" hits="0"/>
                <line number="1040" hits="0"/>
                <line number="1041" hits="0"/>
              </lines>
            </method>
            <method name="getVariantBaseColor" signature="string $variant" line-rate="0" branch-rate="0" complexity="1">
              <lines>
                <line number="1054" hits="0"/>
                <line number="1055" hits="0"/>
                <line number="1056" hits="0"/>
                <line number="1057" hits="0"/>
                <line number="1058" hits="0"/>
                <line number="1059" hits="0"/>
                <line number="1060" hits="0"/>
                <line number="1061" hits="0"/>
                <line number="1062" hits="0"/>
                <line number="1063" hits="0"/>
                <line number="1065" hits="0"/>
              </lines>
            </method>
            <method name="applyDatePickerAdjustment" signature="string $color, string $adjustment" line-rate="0" branch-rate="0" complexity="6">
              <lines>
                <line number="1080" hits="0"/>
                <line number="1081" hits="0"/>
                <line number="1082" hits="0"/>
                <line number="1083" hits="0"/>
                <line number="1084" hits="0"/>
                <line number="1085" hits="0"/>
                <line number="1086" hits="0"/>
                <line number="1088" hits="0"/>
                <line number="1090" hits="0"/>
              </lines>
            </method>
          </methods>
          <lines>
            <line number="224" hits="0"/>
            <line number="225" hits="0"/>
            <line number="228" hits="0"/>
            <line number="229" hits="0"/>
            <line number="230" hits="0"/>
            <line number="233" hits="0"/>
            <line number="248" hits="0"/>
            <line number="250" hits="0"/>
            <line number="252" hits="0"/>
            <line number="253" hits="0"/>
            <line number="254" hits="0"/>
            <line number="255" hits="0"/>
            <line number="257" hits="0"/>
            <line number="261" hits="0"/>
            <line number="262" hits="0"/>
            <line number="263" hits="0"/>
            <line number="267" hits="0"/>
            <line number="282" hits="0"/>
            <line number="284" hits="0"/>
            <line number="285" hits="0"/>
            <line number="286" hits="0"/>
            <line number="288" hits="0"/>
            <line number="289" hits="0"/>
            <line number="290" hits="0"/>
            <line number="292" hits="0"/>
            <line number="293" hits="0"/>
            <line number="294" hits="0"/>
            <line number="295" hits="0"/>
            <line number="296" hits="0"/>
            <line number="297" hits="0"/>
            <line number="298" hits="0"/>
            <line number="300" hits="0"/>
            <line number="303" hits="0"/>
            <line number="305" hits="0"/>
            <line number="306" hits="0"/>
            <line number="307" hits="0"/>
            <line number="309" hits="0"/>
            <line number="310" hits="0"/>
            <line number="311" hits="0"/>
            <line number="313" hits="0"/>
            <line number="314" hits="0"/>
            <line number="315" hits="0"/>
            <line number="318" hits="0"/>
            <line number="319" hits="0"/>
            <line number="320" hits="0"/>
            <line number="323" hits="0"/>
            <line number="324" hits="0"/>
            <line number="325" hits="0"/>
            <line number="328" hits="0"/>
            <line number="331" hits="0"/>
            <line number="332" hits="0"/>
            <line number="333" hits="0"/>
            <line number="334" hits="0"/>
            <line number="336" hits="0"/>
            <line number="339" hits="0"/>
            <line number="341" hits="0"/>
            <line number="342" hits="0"/>
            <line number="343" hits="0"/>
            <line number="344" hits="0"/>
            <line number="345" hits="0"/>
            <line number="347" hits="0"/>
            <line number="350" hits="0"/>
            <line number="375" hits="2"/>
            <line number="376" hits="0"/>
            <line number="380" hits="2"/>
            <line number="381" hits="0"/>
            <line number="385" hits="2"/>
            <line number="386" hits="0"/>
            <line number="390" hits="2"/>
            <line number="391" hits="2"/>
            <line number="395" hits="0"/>
            <line number="396" hits="0"/>
            <line number="400" hits="0"/>
            <line number="401" hits="0"/>
            <line number="405" hits="0"/>
            <line number="418" hits="2"/>
            <line number="419" hits="2"/>
            <line number="432" hits="2"/>
            <line number="433" hits="2"/>
            <line number="446" hits="0"/>
            <line number="459" hits="0"/>
            <line number="474" hits="0"/>
            <line number="477" hits="0"/>
            <line number="478" hits="0"/>
            <line number="479" hits="0"/>
            <line number="480" hits="0"/>
            <line number="481" hits="0"/>
            <line number="482" hits="0"/>
            <line number="483" hits="0"/>
            <line number="484" hits="0"/>
            <line number="485" hits="0"/>
            <line number="486" hits="0"/>
            <line number="487" hits="0"/>
            <line number="488" hits="0"/>
            <line number="490" hits="0"/>
            <line number="491" hits="0"/>
            <line number="494" hits="0"/>
            <line number="497" hits="0"/>
            <line number="500" hits="0"/>
            <line number="501" hits="0"/>
            <line number="504" hits="0"/>
            <line number="519" hits="0"/>
            <line number="520" hits="0"/>
            <line number="521" hits="0"/>
            <line number="522" hits="0"/>
            <line number="523" hits="0"/>
            <line number="524" hits="0"/>
            <line number="525" hits="0"/>
            <line number="526" hits="0"/>
            <line number="527" hits="0"/>
            <line number="528" hits="0"/>
            <line number="531" hits="0"/>
            <line number="532" hits="0"/>
            <line number="535" hits="0"/>
            <line number="536" hits="0"/>
            <line number="539" hits="0"/>
            <line number="542" hits="0"/>
            <line number="543" hits="0"/>
            <line number="545" hits="0"/>
            <line number="546" hits="0"/>
            <line number="548" hits="0"/>
            <line number="549" hits="0"/>
            <line number="551" hits="0"/>
            <line number="552" hits="0"/>
            <line number="553" hits="0"/>
            <line number="554" hits="0"/>
            <line number="555" hits="0"/>
            <line number="558" hits="0"/>
            <line number="559" hits="0"/>
            <line number="560" hits="0"/>
            <line number="561" hits="0"/>
            <line number="562" hits="0"/>
            <line number="577" hits="2"/>
            <line number="580" hits="2"/>
            <line number="582" hits="2"/>
            <line number="584" hits="0"/>
            <line number="585" hits="0"/>
            <line number="586" hits="0"/>
            <line number="587" hits="0"/>
            <line number="588" hits="0"/>
            <line number="591" hits="2"/>
            <line number="594" hits="2"/>
            <line number="595" hits="2"/>
            <line number="596" hits="2"/>
            <line number="598" hits="2"/>
            <line number="599" hits="2"/>
            <line number="600" hits="2"/>
            <line number="601" hits="2"/>
            <line number="604" hits="2"/>
            <line number="605" hits="2"/>
            <line number="607" hits="2"/>
            <line number="608" hits="2"/>
            <line number="610" hits="2"/>
            <line number="611" hits="2"/>
            <line number="612" hits="2"/>
            <line number="615" hits="2"/>
            <line number="616" hits="2"/>
            <line number="617" hits="2"/>
            <line number="621" hits="2"/>
            <line number="622" hits="0"/>
            <line number="625" hits="2"/>
            <line number="639" hits="0"/>
            <line number="642" hits="0"/>
            <line number="643" hits="0"/>
            <line number="644" hits="0"/>
            <line number="646" hits="0"/>
            <line number="647" hits="0"/>
            <line number="648" hits="0"/>
            <line number="649" hits="0"/>
            <line number="652" hits="0"/>
            <line number="653" hits="0"/>
            <line number="655" hits="0"/>
            <line number="656" hits="0"/>
            <line number="657" hits="0"/>
            <line number="660" hits="0"/>
            <line number="661" hits="0"/>
            <line number="662" hits="0"/>
            <line number="666" hits="0"/>
            <line number="667" hits="0"/>
            <line number="670" hits="0"/>
            <line number="686" hits="0"/>
            <line number="687" hits="0"/>
            <line number="688" hits="0"/>
            <line number="689" hits="0"/>
            <line number="690" hits="0"/>
            <line number="691" hits="0"/>
            <line number="692" hits="0"/>
            <line number="693" hits="0"/>
            <line number="694" hits="0"/>
            <line number="695" hits="0"/>
            <line number="697" hits="0"/>
            <line number="698" hits="0"/>
            <line number="701" hits="0"/>
            <line number="702" hits="0"/>
            <line number="719" hits="0"/>
            <line number="720" hits="0"/>
            <line number="721" hits="0"/>
            <line number="722" hits="0"/>
            <line number="723" hits="0"/>
            <line number="724" hits="0"/>
            <line number="725" hits="0"/>
            <line number="727" hits="0"/>
            <line number="729" hits="0"/>
            <line number="730" hits="0"/>
            <line number="731" hits="0"/>
            <line number="732" hits="0"/>
            <line number="733" hits="0"/>
            <line number="734" hits="0"/>
            <line number="735" hits="0"/>
            <line number="737" hits="0"/>
            <line number="739" hits="0"/>
            <line number="740" hits="0"/>
            <line number="742" hits="0"/>
            <line number="743" hits="0"/>
            <line number="745" hits="0"/>
            <line number="747" hits="0"/>
            <line number="748" hits="0"/>
            <line number="749" hits="0"/>
            <line number="750" hits="0"/>
            <line number="751" hits="0"/>
            <line number="752" hits="0"/>
            <line number="754" hits="0"/>
            <line number="757" hits="0"/>
            <line number="773" hits="0"/>
            <line number="774" hits="0"/>
            <line number="775" hits="0"/>
            <line number="776" hits="0"/>
            <line number="778" hits="0"/>
            <line number="779" hits="0"/>
            <line number="780" hits="0"/>
            <line number="781" hits="0"/>
            <line number="783" hits="0"/>
            <line number="784" hits="0"/>
            <line number="785" hits="0"/>
            <line number="786" hits="0"/>
            <line number="788" hits="0"/>
            <line number="789" hits="0"/>
            <line number="790" hits="0"/>
            <line number="791" hits="0"/>
            <line number="794" hits="0"/>
            <line number="809" hits="0"/>
            <line number="811" hits="0"/>
            <line number="812" hits="0"/>
            <line number="816" hits="0"/>
            <line number="817" hits="0"/>
            <line number="820" hits="0"/>
            <line number="834" hits="2"/>
            <line number="835" hits="2"/>
            <line number="836" hits="2"/>
            <line number="837" hits="2"/>
            <line number="839" hits="2"/>
            <line number="841" hits="2"/>
            <line number="855" hits="2"/>
            <line number="856" hits="2"/>
            <line number="857" hits="2"/>
            <line number="858" hits="2"/>
            <line number="859" hits="2"/>
            <line number="860" hits="2"/>
            <line number="861" hits="2"/>
            <line number="862" hits="2"/>
            <line number="863" hits="2"/>
            <line number="864" hits="2"/>
            <line number="865" hits="2"/>
            <line number="866" hits="2"/>
            <line number="867" hits="2"/>
            <line number="868" hits="2"/>
            <line number="869" hits="2"/>
            <line number="870" hits="2"/>
            <line number="871" hits="2"/>
            <line number="872" hits="2"/>
            <line number="873" hits="2"/>
            <line number="874" hits="2"/>
            <line number="875" hits="2"/>
            <line number="876" hits="2"/>
            <line number="877" hits="2"/>
            <line number="878" hits="2"/>
            <line number="879" hits="2"/>
            <line number="880" hits="2"/>
            <line number="881" hits="2"/>
            <line number="882" hits="2"/>
            <line number="883" hits="2"/>
            <line number="884" hits="2"/>
            <line number="885" hits="2"/>
            <line number="886" hits="2"/>
            <line number="887" hits="2"/>
            <line number="888" hits="2"/>
            <line number="889" hits="2"/>
            <line number="890" hits="2"/>
            <line number="891" hits="2"/>
            <line number="892" hits="2"/>
            <line number="893" hits="2"/>
            <line number="894" hits="2"/>
            <line number="895" hits="2"/>
            <line number="896" hits="2"/>
            <line number="897" hits="2"/>
            <line number="898" hits="2"/>
            <line number="899" hits="2"/>
            <line number="900" hits="2"/>
            <line number="901" hits="2"/>
            <line number="902" hits="2"/>
            <line number="903" hits="2"/>
            <line number="904" hits="2"/>
            <line number="905" hits="2"/>
            <line number="906" hits="2"/>
            <line number="907" hits="2"/>
            <line number="908" hits="2"/>
            <line number="909" hits="2"/>
            <line number="910" hits="2"/>
            <line number="911" hits="2"/>
            <line number="912" hits="2"/>
            <line number="913" hits="2"/>
            <line number="914" hits="2"/>
            <line number="915" hits="2"/>
            <line number="916" hits="2"/>
            <line number="917" hits="2"/>
            <line number="918" hits="2"/>
            <line number="919" hits="2"/>
            <line number="920" hits="2"/>
            <line number="921" hits="2"/>
            <line number="922" hits="2"/>
            <line number="923" hits="2"/>
            <line number="924" hits="2"/>
            <line number="925" hits="2"/>
            <line number="926" hits="2"/>
            <line number="927" hits="2"/>
            <line number="928" hits="2"/>
            <line number="929" hits="2"/>
            <line number="930" hits="2"/>
            <line number="931" hits="2"/>
            <line number="932" hits="2"/>
            <line number="933" hits="2"/>
            <line number="934" hits="2"/>
            <line number="935" hits="2"/>
            <line number="936" hits="2"/>
            <line number="937" hits="2"/>
            <line number="938" hits="2"/>
            <line number="939" hits="2"/>
            <line number="940" hits="2"/>
            <line number="941" hits="2"/>
            <line number="942" hits="2"/>
            <line number="943" hits="2"/>
            <line number="944" hits="2"/>
            <line number="945" hits="2"/>
            <line number="946" hits="2"/>
            <line number="947" hits="2"/>
            <line number="948" hits="2"/>
            <line number="949" hits="2"/>
            <line number="950" hits="2"/>
            <line number="951" hits="2"/>
            <line number="952" hits="2"/>
            <line number="953" hits="2"/>
            <line number="954" hits="2"/>
            <line number="955" hits="2"/>
            <line number="956" hits="2"/>
            <line number="957" hits="2"/>
            <line number="958" hits="2"/>
            <line number="959" hits="2"/>
            <line number="960" hits="2"/>
            <line number="961" hits="2"/>
            <line number="962" hits="2"/>
            <line number="963" hits="2"/>
            <line number="964" hits="2"/>
[...]
          <methods>
            <method name="__construct" signature="?string $id, ?string $selected, ?string $orientation, ?string $variant, ?string $gap, ?string $labelColorClasses, ?string $activeColorClasses, string $labelClass, string $activeClass, string $labelDivClass, string $tabsClass, string $verticalTabsClass, string $verticalLabelClass, string $verticalActiveClass, string $verticalLabelDivClass, string $verticalContentClass, string $verticalRightActiveClass, string $verticalRightLabelDivClass" line-rate="1" branch-rate="0" complexity="1">
              <lines>
                <line number="83" hits="34"/>
              </lines>
            </method>
            <method name="isVertical" signature="" line-rate="1" branch-rate="0" complexity="1">
              <lines>
                <line number="95" hits="20"/>
              </lines>
            </method>
            <method name="isVerticalRight" signature="" line-rate="1" branch-rate="0" complexity="1">
              <lines>
                <line number="107" hits="16"/>
              </lines>
            </method>
            <method name="getTabsContainerClass" signature="" line-rate="1" branch-rate="0" complexity="2">
              <lines>
                <line number="119" hits="6"/>
              </lines>
            </method>
            <method name="getLabelDivClass" signature="" line-rate="0.53333333333333" branch-rate="0" complexity="5">
              <lines>
                <line number="131" hits="7"/>
                <line number="133" hits="7"/>
                <line number="134" hits="2"/>
                <line number="135" hits="5"/>
                <line number="136" hits="2"/>
                <line number="140" hits="7"/>
                <line number="141" hits="0"/>
                <line number="145" hits="7"/>
                <line number="146" hits="0"/>
                <line number="147" hits="0"/>
                <line number="148" hits="0"/>
                <line number="149" hits="0"/>
                <line number="150" hits="0"/>
                <line number="151" hits="0"/>
                <line number="154" hits="7"/>
              </lines>
            </method>
            <method name="getFinalLabelClass" signature="" line-rate="0.625" branch-rate="0" complexity="5">
              <lines>
                <line number="166" hits="5"/>
                <line number="168" hits="5"/>
                <line number="169" hits="0"/>
                <line number="172" hits="5"/>
                <line number="173" hits="0"/>
                <line number="176" hits="5"/>
                <line number="177" hits="0"/>
                <line number="180" hits="5"/>
              </lines>
            </method>
            <method name="getActiveClass" signature="" line-rate="0.53333333333333" branch-rate="0" complexity="5">
              <lines>
                <line number="192" hits="7"/>
                <line number="193" hits="0"/>
                <line number="196" hits="7"/>
                <line number="198" hits="7"/>
                <line number="199" hits="2"/>
                <line number="200" hits="5"/>
                <line number="201" hits="2"/>
                <line number="205" hits="7"/>
                <line number="206" hits="0"/>
                <line number="207" hits="0"/>
                <line number="208" hits="0"/>
                <line number="209" hits="0"/>
                <line number="210" hits="0"/>
                <line number="211" hits="0"/>
                <line number="214" hits="7"/>
              </lines>
            </method>
            <method name="render" signature="" line-rate="1" branch-rate="0" complexity="1">
              <lines>
                <line number="226" hits="1"/>
              </lines>
            </method>
          </methods>
          <lines>
            <line number="83" hits="34"/>
            <line number="95" hits="20"/>
            <line number="107" hits="16"/>
            <line number="119" hits="6"/>
            <line number="131" hits="7"/>
            <line number="133" hits="7"/>
            <line number="134" hits="2"/>
            <line number="135" hits="5"/>
            <line number="136" hits="2"/>
            <line number="140" hits="7"/>
            <line number="141" hits="0"/>
            <line number="145" hits="7"/>
            <line number="146" hits="0"/>
            <line number="147" hits="0"/>
            <line number="148" hits="0"/>
            <line number="149" hits="0"/>
            <line number="150" hits="0"/>
            <line number="151" hits="0"/>
            <line number="154" hits="7"/>
            <line number="166" hits="5"/>
            <line number="168" hits="5"/>
            <line number="169" hits="0"/>
            <line number="172" hits="5"/>
            <line number="173" hits="0"/>
            <line number="176" hits="5"/>
            <line number="177" hits="0"/>
            <line number="180" hits="5"/>
            <line number="192" hits="7"/>
            <line number="193" hits="0"/>
            <line number="196" hits="7"/>
            <line number="198" hits="7"/>
            <line number="199" hits="2"/>
            <line number="200" hits="5"/>
            <line number="201" hits="2"/>
            <line number="205" hits="7"/>
            <line number="206" hits="0"/>
            <line number="207" hits="0"/>
            <line number="208" hits="0"/>
            <line number="209" hits="0"/>
            <line number="210" hits="0"/>
            <line number="211" hits="0"/>
            <line number="214" hits="7"/>
            <line number="226" hits="1"/>
          </lines>
        </class>
      </classes>
    </package>
    <package name="View/Components/Tags.php" line-rate="0.36842105263158" branch-rate="0" complexity="24">
      <classes>
        <class name="ArtisanPack\LivewireUiComponents\View\Components\Tags" filename="View/Components/Tags.php" line-rate="0.36842105263158" branch-rate="0" complexity="24">
          <methods>
            <method name="__construct" signature="?string $id, ?string $label, ?string $hint, ?string $hintClass, ?string $icon, ?string $iconRight, ?bool $inline, ?bool $clearable, ?string $prefix, ?string $suffix, ?bool $searchable, ?string $debounce, ?int $minChars, ?string $searchFunction, ?string $optionValue, ?string $optionLabel, ?string $optionSubLabel, ?string $optionAvatar, ?string $height, \Illuminate\Support\Collection|array $options, ?string $noResultText, ?bool $allowCustomTags, ?string $customTagsText, mixed $prepend, mixed $append, ?string $errorField, ?string $errorClass, ?bool $omitError, ?bool $firstErrorOnly" line-rate="1" branch-rate="0" complexity="7">
              <lines>
                <line number="114" hits="10"/>
                <line number="117" hits="10"/>
                <line number="118" hits="2"/>
              </lines>
            </method>
            <method name="modelName" signature="" line-rate="0" branch-rate="0" complexity="1">
              <lines>
                <line number="124" hits="0"/>
              </lines>
            </method>
            <method name="errorFieldName" signature="" line-rate="0" branch-rate="0" complexity="1">
              <lines>
                <line number="129" hits="0"/>
              </lines>
            </method>
            <method name="isReadonly" signature="" line-rate="0" branch-rate="0" complexity="2">
              <lines>
                <line number="134" hits="0"/>
              </lines>
            </method>
            <method name="isDisabled" signature="" line-rate="0" branch-rate="0" complexity="2">
              <lines>
                <line number="139" hits="0"/>
              </lines>
            </method>
            <method name="isRequired" signature="" line-rate="0" branch-rate="0" complexity="2">
              <lines>
                <line number="144" hits="0"/>
              </lines>
            </method>
            <method name="getOptionValue" signature="$option" line-rate="0" branch-rate="0" complexity="3">
              <lines>
                <line number="156" hits="0"/>
                <line number="157" hits="0"/>
              </lines>
            </method>
            <method name="hasSearchableOptions" signature="" line-rate="0.28571428571429" branch-rate="0" complexity="4">
              <lines>
                <line number="168" hits="2"/>
                <line number="169" hits="2"/>
                <line number="172" hits="0"/>
                <line number="173" hits="0"/>
                <line number="176" hits="0"/>
                <line number="177" hits="0"/>
                <line number="180" hits="0"/>
              </lines>
            </method>
            <method name="shouldShowDropdown" signature="" line-rate="1" branch-rate="0" complexity="1">
              <lines>
                <line number="191" hits="1"/>
              </lines>
            </method>
            <method name="render" signature="" line-rate="1" branch-rate="0" complexity="1">
              <lines>
                <line number="202" hits="1"/>
              </lines>
            </method>
          </methods>
          <lines>
            <line number="114" hits="10"/>
            <line number="117" hits="10"/>
            <line number="118" hits="2"/>
            <line number="124" hits="0"/>
            <line number="129" hits="0"/>
            <line number="134" hits="0"/>
            <line number="139" hits="0"/>
            <line number="144" hits="0"/>
            <line number="156" hits="0"/>
            <line number="157" hits="0"/>
            <line number="168" hits="2"/>
            <line number="169" hits="2"/>
            <line number="172" hits="0"/>
            <line number="173" hits="0"/>
            <line number="176" hits="0"/>
            <line number="177" hits="0"/>
            <line number="180" hits="0"/>
            <line number="191" hits="1"/>
            <line number="202" hits="1"/>
          </lines>
        </class>
      </classes>
    </package>
    <package name="View/Components/Text.php" line-rate="0.69230769230769" branch-rate="0" complexity="12">
      <classes>
        <class name="ArtisanPack\LivewireUiComponents\View\Components\Text" filename="View/Components/Text.php" line-rate="0.69230769230769" branch-rate="0" complexity="12">
          <methods>
            <method name="__construct" signature="?string $id, ?string $size, ?string $color, ?bool $semibold, ?bool $bold, ?bool $center, ?bool $muted, ?bool $lead, ?bool $prose" line-rate="1" branch-rate="0" complexity="1">
              <lines>
                <line number="64" hits="12"/>
              </lines>
            </method>
            <method name="fontWeightClass" signature="" line-rate="0.6" branch-rate="0" complexity="4">
              <lines>
                <line number="75" hits="1"/>
                <line number="76" hits="0"/>
                <line number="79" hits="1"/>
                <line number="80" hits="0"/>
                <line number="83" hits="1"/>
              </lines>
            </method>
            <method name="colorClass" signature="" line-rate="0.66666666666667" branch-rate="0" complexity="3">
              <lines>
                <line number="94" hits="1"/>
                <line number="95" hits="0"/>
                <line number="98" hits="1"/>
              </lines>
            </method>
            <method name="sizeClass" signature="" line-rate="0.66666666666667" branch-rate="0" complexity="3">
              <lines>
                <line number="109" hits="1"/>
                <line number="110" hits="0"/>
                <line number="113" hits="1"/>
              </lines>
            </method>
            <method name="render" signature="" line-rate="1" branch-rate="0" complexity="1">
              <lines>
                <line number="124" hits="1"/>
              </lines>
            </method>
          </methods>
          <lines>
            <line number="64" hits="12"/>
            <line number="75" hits="1"/>
            <line number="76" hits="0"/>
            <line number="79" hits="1"/>
            <line number="80" hits="0"/>
            <line number="83" hits="1"/>
            <line number="94" hits="1"/>
            <line number="95" hits="0"/>
            <line number="98" hits="1"/>
            <line number="109" hits="1"/>
            <line number="110" hits="0"/>
            <line number="113" hits="1"/>
            <line number="124" hits="1"/>
          </lines>
        </class>
      </classes>
    </package>
    <package name="View/Components/Textarea.php" line-rate="0.5" branch-rate="0" complexity="4">
      <classes>
        <class name="ArtisanPack\LivewireUiComponents\View\Components\Textarea" filename="View/Components/Textarea.php" line-rate="0.5" branch-rate="0" complexity="4">
          <methods>
            <method name="__construct" signature="?string $id, ?string $label, ?string $hint, ?string $hintClass, ?bool $inline, ?string $errorField, ?string $errorClass, ?bool $omitError, ?bool $firstErrorOnly" line-rate="1" branch-rate="0" complexity="1">
              <lines>
                <line number="68" hits="7"/>
              </lines>
            </method>
            <method name="modelName" signature="" line-rate="0" branch-rate="0" complexity="1">
              <lines>
                <line number="79" hits="0"/>
              </lines>
            </method>
            <method name="errorFieldName" signature="" line-rate="0" branch-rate="0" complexity="1">
              <lines>
                <line number="90" hits="0"/>
              </lines>
            </method>
            <method name="render" signature="" line-rate="1" branch-rate="0" complexity="1">
              <lines>
                <line number="101" hits="1"/>
              </lines>
            </method>
          </methods>
          <lines>
            <line number="68" hits="7"/>
            <line number="79" hits="0"/>
            <line number="90" hits="0"/>
            <line number="101" hits="1"/>
          </lines>
        </class>
      </classes>
    </package>
    <package name="View/Components/ThemeToggle.php" line-rate="1" branch-rate="0" complexity="2">
      <classes>
        <class name="ArtisanPack\LivewireUiComponents\View\Components\ThemeToggle" filename="View/Components/ThemeToggle.php" line-rate="1" branch-rate="0" complexity="2">
          <methods>
            <method name="__construct" signature="?string $id, ?string $value, ?string $light, ?string $dark, ?string $lightTheme, ?string $darkTheme, ?string $lightClass, ?string $darkClass, ?bool $withLabel" line-rate="1" branch-rate="0" complexity="1">
              <lines>
                <line number="47" hits="7"/>
              </lines>
            </method>
            <method name="render" signature="" line-rate="1" branch-rate="0" complexity="1">
              <lines>
                <line number="52" hits="1"/>
              </lines>
            </method>
          </methods>
          <lines>
            <line number="47" hits="7"/>
            <line number="52" hits="1"/>
          </lines>
        </class>
      </classes>
    </package>
    <package name="View/Components/TimelineItem.php" line-rate="0.5" branch-rate="0" complexity="2">
      <classes>
        <class name="ArtisanPack\LivewireUiComponents\View\Components\TimelineItem" filename="View/Components/TimelineItem.php" line-rate="0.5" branch-rate="0" complexity="2">
          <methods>
            <method name="__construct" signature="string $title, ?string $id, ?string $subtitle, ?string $description, ?string $icon, ?bool $pending, ?bool $first, ?bool $last" line-rate="1" branch-rate="0" complexity="1">
              <lines>
                <line number="46" hits="1"/>
              </lines>
            </method>
            <method name="render" signature="" line-rate="0" branch-rate="0" complexity="1">
              <lines>
                <line number="51" hits="0"/>
              </lines>
            </method>
          </methods>
          <lines>
            <line number="46" hits="1"/>
            <line number="51" hits="0"/>
          </lines>
        </class>
      </classes>
    </package>
    <package name="View/Components/Toast.php" line-rate="0.36363636363636" branch-rate="0" complexity="4">
      <classes>
        <class name="ArtisanPack\LivewireUiComponents\View\Components\Toast" filename="View/Components/Toast.php" line-rate="0.36363636363636" branch-rate="0" complexity="4">
          <methods>
            <method name="__construct" signature="string $position, ?string $color, ?string $colorAdjustment" line-rate="1" branch-rate="0" complexity="1">
              <lines>
                <line number="39" hits="6"/>
              </lines>
            </method>
            <method name="getColorClasses" signature="" line-rate="0.22222222222222" branch-rate="0" complexity="2">
              <lines>
                <line number="49" hits="1"/>
                <line number="50" hits="1"/>
                <line number="53" hits="0"/>
                <line number="56" hits="0"/>
                <line number="57" hits="0"/>
                <line number="58" hits="0"/>
                <line number="59" hits="0"/>
                <line number="60" hits="0"/>
                <line number="62" hits="0"/>
              </lines>
            </method>
            <method name="render" signature="" line-rate="1" branch-rate="0" complexity="1">
              <lines>
                <line number="67" hits="1"/>
              </lines>
            </method>
          </methods>
          <lines>
            <line number="39" hits="6"/>
            <line number="49" hits="1"/>
            <line number="50" hits="1"/>
            <line number="53" hits="0"/>
            <line number="56" hits="0"/>
            <line number="57" hits="0"/>
            <line number="58" hits="0"/>
            <line number="59" hits="0"/>
            <line number="60" hits="0"/>
            <line number="62" hits="0"/>
            <line number="67" hits="1"/>
          </lines>
        </class>
      </classes>
    </package>
    <package name="View/Components/Toggle.php" line-rate="0.5" branch-rate="0" complexity="4">
      <classes>
        <class name="ArtisanPack\LivewireUiComponents\View\Components\Toggle" filename="View/Components/Toggle.php" line-rate="0.5" branch-rate="0" complexity="4">
          <methods>
            <method name="__construct" signature="?string $id, ?string $label, ?bool $right, ?string $hint, ?string $hintClass, ?string $errorField, ?string $errorClass, ?bool $omitError, ?bool $firstErrorOnly" line-rate="1" branch-rate="0" complexity="1">
              <lines>
                <line number="49" hits="7"/>
              </lines>
            </method>
            <method name="modelName" signature="" line-rate="0" branch-rate="0" complexity="1">
              <lines>
                <line number="54" hits="0"/>
              </lines>
            </method>
            <method name="errorFieldName" signature="" line-rate="0" branch-rate="0" complexity="1">
              <lines>
                <line number="59" hits="0"/>
              </lines>
            </method>
            <method name="render" signature="" line-rate="1" branch-rate="0" complexity="1">
              <lines>
                <line number="64" hits="1"/>
              </lines>
            </method>
          </methods>
          <lines>
            <line number="49" hits="7"/>
            <line number="54" hits="0"/>
            <line number="59" hits="0"/>
            <line number="64" hits="1"/>
          </lines>
        </class>
      </classes>
    </package>
  </packages>
</coverage>
